Using pre-set license
Built from '2021.3/staging' branch; Version is '2021.3.10f1 (1c7d0df0160b) revision 1867021'; Using compiler version '192829333'; Build Type 'Release'
OS: 'Windows 11  (10.0.22621) 64bit Professional' Language: 'pt' Physical Memory: 16310 MB
BatchMode: 1, IsHumanControllingUs: 0, StartBugReporterOnCrash: 0, Is64bit: 1, IsPro: 1

COMMAND LINE ARGUMENTS:
C:\Program Files\Unity\Hub\Editor\2021.3.10f1\Editor\Unity.exe
-adb2
-batchMode
-noUpm
-name
AssetImportWorker2
-projectPath
C:/Users/thoma/Desktop/Taxí22_23/TaxiJungle
-logFile
Logs/AssetImportWorker2.log
-srvPort
62376
Successfully changed project path to: C:/Users/thoma/Desktop/Taxí22_23/TaxiJungle
C:/Users/thoma/Desktop/Taxí22_23/TaxiJungle
[UnityMemory] Configuration Parameters - Can be set up in boot.config
    "memorysetup-bucket-allocator-granularity=16"
    "memorysetup-bucket-allocator-bucket-count=8"
    "memorysetup-bucket-allocator-block-size=33554432"
    "memorysetup-bucket-allocator-block-count=8"
    "memorysetup-main-allocator-block-size=16777216"
    "memorysetup-thread-allocator-block-size=16777216"
    "memorysetup-gfx-main-allocator-block-size=16777216"
    "memorysetup-gfx-thread-allocator-block-size=16777216"
    "memorysetup-cache-allocator-block-size=4194304"
    "memorysetup-typetree-allocator-block-size=2097152"
    "memorysetup-profiler-bucket-allocator-granularity=16"
    "memorysetup-profiler-bucket-allocator-bucket-count=8"
    "memorysetup-profiler-bucket-allocator-block-size=33554432"
    "memorysetup-profiler-bucket-allocator-block-count=8"
    "memorysetup-profiler-allocator-block-size=16777216"
    "memorysetup-profiler-editor-allocator-block-size=1048576"
    "memorysetup-temp-allocator-size-main=16777216"
    "memorysetup-job-temp-allocator-block-size=2097152"
    "memorysetup-job-temp-allocator-block-size-background=1048576"
    "memorysetup-job-temp-allocator-reduction-small-platforms=262144"
    "memorysetup-temp-allocator-size-background-worker=32768"
    "memorysetup-temp-allocator-size-job-worker=262144"
    "memorysetup-temp-allocator-size-preload-manager=33554432"
    "memorysetup-temp-allocator-size-nav-mesh-worker=65536"
    "memorysetup-temp-allocator-size-audio-worker=65536"
    "memorysetup-temp-allocator-size-cloud-worker=32768"
    "memorysetup-temp-allocator-size-gi-baking-worker=262144"
    "memorysetup-temp-allocator-size-gfx=262144"
Refreshing native plugins compatible for Editor in 135.16 ms, found 5 plugins.
Preloading 0 native plugins for Editor in 0.00 ms.
Initialize engine version: 2021.3.10f1 (1c7d0df0160b)
[Subsystems] Discovering subsystems at path C:/Program Files/Unity/Hub/Editor/2021.3.10f1/Editor/Data/Resources/UnitySubsystems
[Subsystems] Discovering subsystems at path C:/Users/thoma/Desktop/Taxí22_23/TaxiJungle/Assets
GfxDevice: creating device client; threaded=0; jobified=0
Direct3D:
    Version:  Direct3D 11.0 [level 11.1]
    Renderer: NVIDIA GeForce RTX 3060 Ti (ID=0x2489)
    Vendor:   NVIDIA
    VRAM:     8038 MB
    Driver:   31.0.15.2698
Initialize mono
Mono path[0] = 'C:/Program Files/Unity/Hub/Editor/2021.3.10f1/Editor/Data/Managed'
Mono path[1] = 'C:/Program Files/Unity/Hub/Editor/2021.3.10f1/Editor/Data/MonoBleedingEdge/lib/mono/unityjit-win32'
Mono config path = 'C:/Program Files/Unity/Hub/Editor/2021.3.10f1/Editor/Data/MonoBleedingEdge/etc'
Using monoOptions --debugger-agent=transport=dt_socket,embedding=1,server=y,suspend=n,address=127.0.0.1:56684
Begin MonoManager ReloadAssembly
Registering precompiled unity dll's ...
Register platform support module: C:/Program Files/Unity/Hub/Editor/2021.3.10f1/Editor/Data/PlaybackEngines/WindowsStandaloneSupport/UnityEditor.WindowsStandalone.Extensions.dll
Registered in 0.005993 seconds.
Native extension for WindowsStandalone target not found
Refreshing native plugins compatible for Editor in 148.26 ms, found 5 plugins.
Preloading 0 native plugins for Editor in 0.00 ms.
Mono: successfully reloaded assembly
- Completed reload, in  0.708 seconds
Domain Reload Profiling:
	ReloadAssembly (709ms)
		BeginReloadAssembly (71ms)
			ExecutionOrderSort (0ms)
			DisableScriptedObjects (0ms)
			BackupInstance (0ms)
			ReleaseScriptingObjects (0ms)
			CreateAndSetChildDomain (1ms)
		EndReloadAssembly (521ms)
			LoadAssemblies (70ms)
			RebuildTransferFunctionScriptingTraits (0ms)
			SetupTypeCache (103ms)
			ReleaseScriptCaches (0ms)
			RebuildScriptCaches (27ms)
			SetupLoadedEditorAssemblies (337ms)
				LogAssemblyErrors (0ms)
				InitializePlatformSupportModulesInManaged (7ms)
				SetLoadedEditorAssemblies (0ms)
				RefreshPlugins (148ms)
				BeforeProcessingInitializeOnLoad (1ms)
				ProcessInitializeOnLoadAttributes (140ms)
				ProcessInitializeOnLoadMethodAttributes (41ms)
				AfterProcessingInitializeOnLoad (0ms)
				EditorAssembliesLoaded (0ms)
			ExecutionOrderSort2 (0ms)
			AwakeInstancesAfterBackupRestoration (0ms)
Platform modules already initialized, skipping
Registering precompiled user dll's ...
Registered in 0.007147 seconds.
Begin MonoManager ReloadAssembly
Symbol file LoadedFromMemory doesn't match image C:\Users\thoma\Desktop\Taxí22_23\TaxiJungle\Library\PackageCache\com.unity.visualscripting@1.7.8\Editor\VisualScripting.Core\Dependencies\YamlDotNet\Unity.VisualScripting.YamlDotNet.dll
Symbol file LoadedFromMemory doesn't match image C:\Users\thoma\Desktop\Taxí22_23\TaxiJungle\Library\PackageCache\com.unity.visualscripting@1.7.8\Editor\VisualScripting.Core\Dependencies\DotNetZip\Unity.VisualScripting.IonicZip.dll
Native extension for WindowsStandalone target not found
Refreshing native plugins compatible for Editor in 126.54 ms, found 5 plugins.
Preloading 0 native plugins for Editor in 0.00 ms.
Mono: successfully reloaded assembly
- Completed reload, in  9.333 seconds
Domain Reload Profiling:
	ReloadAssembly (9333ms)
		BeginReloadAssembly (128ms)
			ExecutionOrderSort (0ms)
			DisableScriptedObjects (6ms)
			BackupInstance (0ms)
			ReleaseScriptingObjects (0ms)
			CreateAndSetChildDomain (31ms)
		EndReloadAssembly (8972ms)
			LoadAssemblies (6434ms)
			RebuildTransferFunctionScriptingTraits (0ms)
			SetupTypeCache (816ms)
			ReleaseScriptCaches (1ms)
			RebuildScriptCaches (68ms)
			SetupLoadedEditorAssemblies (1613ms)
				LogAssemblyErrors (0ms)
				InitializePlatformSupportModulesInManaged (5ms)
				SetLoadedEditorAssemblies (0ms)
				RefreshPlugins (127ms)
				BeforeProcessingInitializeOnLoad (136ms)
				ProcessInitializeOnLoadAttributes (375ms)
				ProcessInitializeOnLoadMethodAttributes (963ms)
				AfterProcessingInitializeOnLoad (6ms)
				EditorAssembliesLoaded (0ms)
			ExecutionOrderSort2 (0ms)
			AwakeInstancesAfterBackupRestoration (6ms)
Platform modules already initialized, skipping
========================================================================
Worker process is ready to serve import requests
Launched and connected shader compiler UnityShaderCompiler.exe after 0.05 seconds
Refreshing native plugins compatible for Editor in 1.43 ms, found 5 plugins.
Preloading 0 native plugins for Editor in 0.00 ms.
Unloading 6075 Unused Serialized files (Serialized files now loaded: 0)
Unloading 68 unused Assets / (2.0 MB). Loaded Objects now: 6519.
Memory consumption went from 247.2 MB to 245.1 MB.
Total: 4.879000 ms (FindLiveObjects: 0.622900 ms CreateObjectMapping: 0.191200 ms MarkObjects: 2.990300 ms  DeleteObjects: 1.072700 ms)

AssetImportParameters requested are different than current active one (requested -> active):
  custom:video-decoder-ogg-theora: a1e56fd34408186e4bbccfd4996cb3dc -> 
  custom:container-muxer-webm: aa71ff27fc2769a1b78a27578f13a17b -> 
  custom:container-demuxer-webm: 4f35f7cbe854078d1ac9338744f61a02 -> 
  custom:video-encoder-webm-vp8: eb34c28f22e8b96e1ab97ce403110664 -> 
  custom:audio-encoder-webm-vorbis: bf7c407c2cedff20999df2af8eb42d56 -> 
  custom:framework-win-MediaFoundation: 216162199b28c13a410421893ffa2e32 -> 
  custom:container-demuxer-ogg: 62fdf1f143b41e24485cea50d1cbac27 -> 
  custom:video-decoder-webm-vp8: 9c59270c3fd7afecdb556c50c9e8de78 -> 
  custom:audio-decoder-ogg-vorbis: bf7c407c2cedff20999df2af8eb42d56 -> 
========================================================================
Received Import Request.
  Time since last request: 3767.600103 seconds.
  path: Assets/2D Assets/Ui assets/Phone.png
  artifactKey: Guid(9d4ba860df3c1f84ab4ead31e3e766d5) Importer(815301076,1909f56bfc062723c751e8b465ee728b)
Start importing Assets/2D Assets/Ui assets/Phone.png using Guid(9d4ba860df3c1f84ab4ead31e3e766d5) Importer(815301076,1909f56bfc062723c751e8b465ee728b)  -> (artifact id: '5aad2887f32d4c6b596c5db3639ab6dd') in 0.149263 seconds 
========================================================================
Received Import Request.
  Time since last request: 79.597447 seconds.
  path: Assets/2D Assets/Sprite/Aguia-artigo.jpg
  artifactKey: Guid(504200d64c8b9fe41919ecab79190658) Importer(815301076,1909f56bfc062723c751e8b465ee728b)
Start importing Assets/2D Assets/Sprite/Aguia-artigo.jpg using Guid(504200d64c8b9fe41919ecab79190658) Importer(815301076,1909f56bfc062723c751e8b465ee728b)  -> (artifact id: '7d9b156ef4bb583855724827c37b5ae5') in 0.072602 seconds 
========================================================================
Received Import Request.
  Time since last request: 1.472948 seconds.
  path: Assets/2D Assets/Ui assets/Main Menu/Loading/barra.png
  artifactKey: Guid(3b96185c7ceebfe47882ae740f84230a) Importer(815301076,1909f56bfc062723c751e8b465ee728b)
Start importing Assets/2D Assets/Ui assets/Main Menu/Loading/barra.png using Guid(3b96185c7ceebfe47882ae740f84230a) Importer(815301076,1909f56bfc062723c751e8b465ee728b)  -> (artifact id: 'f9ef7ec89d34fbe8d0f37e7c55acdaff') in 0.146591 seconds 
========================================================================
Received Import Request.
  Time since last request: 2.239637 seconds.
  path: Packages/com.unity.recorder/Editor/Assets/customrecorder_16.png
  artifactKey: Guid(e37930a0cc67be24bb961bcb1f8513a1) Importer(815301076,1909f56bfc062723c751e8b465ee728b)
Start importing Packages/com.unity.recorder/Editor/Assets/customrecorder_16.png using Guid(e37930a0cc67be24bb961bcb1f8513a1) Importer(815301076,1909f56bfc062723c751e8b465ee728b)  -> (artifact id: '9f15818343b147bc8c88575c53a9b963') in 0.035943 seconds 
========================================================================
Received Import Request.
  Time since last request: 0.858144 seconds.
  path: Packages/com.unity.recorder/Editor/Assets/d_customrecorder_16.png
  artifactKey: Guid(52b9c3732a14dd14d9427ced3524773f) Importer(815301076,1909f56bfc062723c751e8b465ee728b)
Start importing Packages/com.unity.recorder/Editor/Assets/d_customrecorder_16.png using Guid(52b9c3732a14dd14d9427ced3524773f) Importer(815301076,1909f56bfc062723c751e8b465ee728b)  -> (artifact id: '7738a28d6364593a8cc3a408a877ed7a') in 0.024370 seconds 
========================================================================
Received Import Request.
  Time since last request: 111.132959 seconds.
  path: Assets/2D Assets/Ui assets/NotaMusica.png
  artifactKey: Guid(6fe7fab8d3689f14eb5593148b9e8ab1) Importer(815301076,1909f56bfc062723c751e8b465ee728b)
Start importing Assets/2D Assets/Ui assets/NotaMusica.png using Guid(6fe7fab8d3689f14eb5593148b9e8ab1) Importer(815301076,1909f56bfc062723c751e8b465ee728b)  -> (artifact id: '4eb0fe4402098a190d1b0ab387962fec') in 0.031812 seconds 
========================================================================
Received Prepare
Registering precompiled user dll's ...
Registered in 0.008306 seconds.
Begin MonoManager ReloadAssembly
Symbol file LoadedFromMemory doesn't match image C:\Users\thoma\Desktop\Taxí22_23\TaxiJungle\Library\PackageCache\com.unity.visualscripting@1.7.8\Editor\VisualScripting.Core\Dependencies\YamlDotNet\Unity.VisualScripting.YamlDotNet.dll
Symbol file LoadedFromMemory doesn't match image C:\Users\thoma\Desktop\Taxí22_23\TaxiJungle\Library\PackageCache\com.unity.visualscripting@1.7.8\Editor\VisualScripting.Core\Dependencies\DotNetZip\Unity.VisualScripting.IonicZip.dll
Native extension for WindowsStandalone target not found
Refreshing native plugins compatible for Editor in 1.30 ms, found 5 plugins.
Preloading 0 native plugins for Editor in 0.00 ms.
Mono: successfully reloaded assembly
- Completed reload, in  1.221 seconds
Domain Reload Profiling:
	ReloadAssembly (1222ms)
		BeginReloadAssembly (145ms)
			ExecutionOrderSort (0ms)
			DisableScriptedObjects (5ms)
			BackupInstance (0ms)
			ReleaseScriptingObjects (0ms)
			CreateAndSetChildDomain (49ms)
		EndReloadAssembly (977ms)
			LoadAssemblies (95ms)
			RebuildTransferFunctionScriptingTraits (0ms)
			SetupTypeCache (320ms)
			ReleaseScriptCaches (3ms)
			RebuildScriptCaches (54ms)
			SetupLoadedEditorAssemblies (459ms)
				LogAssemblyErrors (0ms)
				InitializePlatformSupportModulesInManaged (10ms)
				SetLoadedEditorAssemblies (0ms)
				RefreshPlugins (1ms)
				BeforeProcessingInitializeOnLoad (97ms)
				ProcessInitializeOnLoadAttributes (264ms)
				ProcessInitializeOnLoadMethodAttributes (80ms)
				AfterProcessingInitializeOnLoad (6ms)
				EditorAssembliesLoaded (0ms)
			ExecutionOrderSort2 (0ms)
			AwakeInstancesAfterBackupRestoration (9ms)
Platform modules already initialized, skipping
Refreshing native plugins compatible for Editor in 3.05 ms, found 5 plugins.
Preloading 0 native plugins for Editor in 0.00 ms.
Unloading 5883 Unused Serialized files (Serialized files now loaded: 0)
Unloading 45 unused Assets / (2.0 MB). Loaded Objects now: 6552.
Memory consumption went from 235.7 MB to 233.6 MB.
Total: 5.971100 ms (FindLiveObjects: 1.043500 ms CreateObjectMapping: 0.169700 ms MarkObjects: 3.679700 ms  DeleteObjects: 1.076900 ms)

AssetImportParameters requested are different than current active one (requested -> active):
  custom:video-decoder-ogg-theora: a1e56fd34408186e4bbccfd4996cb3dc -> 
  custom:container-muxer-webm: aa71ff27fc2769a1b78a27578f13a17b -> 
  custom:container-demuxer-webm: 4f35f7cbe854078d1ac9338744f61a02 -> 
  custom:video-encoder-webm-vp8: eb34c28f22e8b96e1ab97ce403110664 -> 
  custom:audio-encoder-webm-vorbis: bf7c407c2cedff20999df2af8eb42d56 -> 
  custom:framework-win-MediaFoundation: 216162199b28c13a410421893ffa2e32 -> 
  custom:container-demuxer-ogg: 62fdf1f143b41e24485cea50d1cbac27 -> 
  custom:video-decoder-webm-vp8: 9c59270c3fd7afecdb556c50c9e8de78 -> 
  custom:audio-decoder-ogg-vorbis: bf7c407c2cedff20999df2af8eb42d56 -> 
========================================================================
Received Import Request.
  Time since last request: 222.212044 seconds.
  path: Assets/Sound/Radios/Radio1
  artifactKey: Guid(461cf6b38ec6ceb4baf37eee758b1786) Importer(815301076,1909f56bfc062723c751e8b465ee728b)
Start importing Assets/Sound/Radios/Radio1 using Guid(461cf6b38ec6ceb4baf37eee758b1786) Importer(815301076,1909f56bfc062723c751e8b465ee728b)  -> (artifact id: '7bd1343180ddac5e7a62a9b68ece35b4') in 0.020559 seconds 
========================================================================
Received Import Request.
  Time since last request: 0.032348 seconds.
  path: Assets/Sound/Radios/Radio1/Abstract Electronic For Drift by Alexi Action No Copyight Music  Ghost.mp3
  artifactKey: Guid(0ec3dd7182227604fa6458fa51021151) Importer(815301076,1909f56bfc062723c751e8b465ee728b)
Start importing Assets/Sound/Radios/Radio1/Abstract Electronic For Drift by Alexi Action No Copyight Music  Ghost.mp3 using Guid(0ec3dd7182227604fa6458fa51021151) Importer(815301076,1909f56bfc062723c751e8b465ee728b)  -> (artifact id: 'b802aaac1999d1efa9c3eb4dbb2e9845') in 0.095938 seconds 
========================================================================
Received Import Request.
  Time since last request: 0.000030 seconds.
  path: Assets/Sound/Radios/Radio1/Elektronomia  Sky High NCS Release.mp3
  artifactKey: Guid(827436e278bfa7d469ca51a6b6f5e32b) Importer(815301076,1909f56bfc062723c751e8b465ee728b)
Start importing Assets/Sound/Radios/Radio1/Elektronomia  Sky High NCS Release.mp3 using Guid(827436e278bfa7d469ca51a6b6f5e32b) Importer(815301076,1909f56bfc062723c751e8b465ee728b)  -> (artifact id: '064280804b529da3462ccd9a9770ea78') in 0.026620 seconds 
========================================================================
Received Import Request.
  Time since last request: 0.000052 seconds.
  path: Assets/Sound/Radios/Radio1/Energetic EDM Dance by Infraction No Copyright Music  Breaker.mp3
  artifactKey: Guid(5bd867cefd5a74f41ae9e3ff13609534) Importer(815301076,1909f56bfc062723c751e8b465ee728b)
Start importing Assets/Sound/Radios/Radio1/Energetic EDM Dance by Infraction No Copyright Music  Breaker.mp3 using Guid(5bd867cefd5a74f41ae9e3ff13609534) Importer(815301076,1909f56bfc062723c751e8b465ee728b)  -> (artifact id: 'ffff38ca7460ebf8b396517cbc008974') in 0.026017 seconds 
========================================================================
Received Import Request.
  Time since last request: 0.000046 seconds.
  path: Assets/Sound/Radios/Radio1/Future Bass by Alexi Action  No Copyright Music.mp3
  artifactKey: Guid(d9b0dd6e68ae3014baf42557cd748e7d) Importer(815301076,1909f56bfc062723c751e8b465ee728b)
Start importing Assets/Sound/Radios/Radio1/Future Bass by Alexi Action  No Copyright Music.mp3 using Guid(d9b0dd6e68ae3014baf42557cd748e7d) Importer(815301076,1909f56bfc062723c751e8b465ee728b)  -> (artifact id: '40d78c1b540d935b4a60857b6dc24ea0') in 0.028418 seconds 
========================================================================
Received Import Request.
  Time since last request: 0.000041 seconds.
  path: Assets/Sound/Radios/Radio1/Different Heaven  EHDE  My Heart NCS Release.mp3
  artifactKey: Guid(cc6b7495db7f01947b38af50ac9010d2) Importer(815301076,1909f56bfc062723c751e8b465ee728b)
Start importing Assets/Sound/Radios/Radio1/Different Heaven  EHDE  My Heart NCS Release.mp3 using Guid(cc6b7495db7f01947b38af50ac9010d2) Importer(815301076,1909f56bfc062723c751e8b465ee728b)  -> (artifact id: '34cd1b662b20592ea73c5c2d4ac3e249') in 0.021953 seconds 
========================================================================
Received Import Request.
  Time since last request: 0.000041 seconds.
  path: Assets/Sound/Radios/Radio1/DEAF KEV  Invincible NCS Release.mp3
  artifactKey: Guid(19ba9b522bb38ac4db91f868ea2f87a5) Importer(815301076,1909f56bfc062723c751e8b465ee728b)
Start importing Assets/Sound/Radios/Radio1/DEAF KEV  Invincible NCS Release.mp3 using Guid(19ba9b522bb38ac4db91f868ea2f87a5) Importer(815301076,1909f56bfc062723c751e8b465ee728b)  -> (artifact id: '15666b4c76092c8358c299f2d5bec089') in 0.023349 seconds 
========================================================================
Received Import Request.
  Time since last request: 0.000033 seconds.
  path: Assets/Sound/Radios/Radio1/Night Racing Hardwave by Infraction No Copyright Music  Post Blue.mp3
  artifactKey: Guid(ba08c0310dd5b844b9d7b1eb83850fce) Importer(815301076,1909f56bfc062723c751e8b465ee728b)
Start importing Assets/Sound/Radios/Radio1/Night Racing Hardwave by Infraction No Copyright Music  Post Blue.mp3 using Guid(ba08c0310dd5b844b9d7b1eb83850fce) Importer(815301076,1909f56bfc062723c751e8b465ee728b)  -> (artifact id: '4fea73062f46e9659461f38e51fab12d') in 0.023424 seconds 
========================================================================
Received Import Request.
  Time since last request: 0.000030 seconds.
  path: Assets/Sound/Radios/Radio1/Chill Vlog Fashion by Infraction No Copyright Music  New Light.mp3
  artifactKey: Guid(dbefd91af3691c740aad31177ae1116b) Importer(815301076,1909f56bfc062723c751e8b465ee728b)
Start importing Assets/Sound/Radios/Radio1/Chill Vlog Fashion by Infraction No Copyright Music  New Light.mp3 using Guid(dbefd91af3691c740aad31177ae1116b) Importer(815301076,1909f56bfc062723c751e8b465ee728b)  -> (artifact id: '74f44678c58c2351dcd42de69754ae90') in 0.022009 seconds 
========================================================================
Received Import Request.
  Time since last request: 0.000036 seconds.
  path: Assets/Sound/Radios/Radio1/Jo Cohen  Sex Whales  We Are NCS Release.mp3
  artifactKey: Guid(8fb5324db7da8df498c04885736613d0) Importer(815301076,1909f56bfc062723c751e8b465ee728b)
Start importing Assets/Sound/Radios/Radio1/Jo Cohen  Sex Whales  We Are NCS Release.mp3 using Guid(8fb5324db7da8df498c04885736613d0) Importer(815301076,1909f56bfc062723c751e8b465ee728b)  -> (artifact id: '8ffeb6fec6af5a651cba81cf7c5c9e15') in 0.024039 seconds 
========================================================================
Received Import Request.
  Time since last request: 0.000064 seconds.
  path: Assets/Sound/Radios/Radio1/Lost Sky  Fearless ptII feat Chris Linton NCS Release.mp3
  artifactKey: Guid(d9b7b1603484ed74e996832ebd09a0e3) Importer(815301076,1909f56bfc062723c751e8b465ee728b)
Start importing Assets/Sound/Radios/Radio1/Lost Sky  Fearless ptII feat Chris Linton NCS Release.mp3 using Guid(d9b7b1603484ed74e996832ebd09a0e3) Importer(815301076,1909f56bfc062723c751e8b465ee728b)  -> (artifact id: '471324e50febac40ab79c6c93abf3635') in 0.023041 seconds 
========================================================================
Received Import Request.
  Time since last request: 0.000023 seconds.
  path: Assets/Sound/Radios/Radio1/Syn Cole  Feel Good NCS Release.mp3
  artifactKey: Guid(12311a97702ff4b4cbf4fff747d9fb4b) Importer(815301076,1909f56bfc062723c751e8b465ee728b)
Start importing Assets/Sound/Radios/Radio1/Syn Cole  Feel Good NCS Release.mp3 using Guid(12311a97702ff4b4cbf4fff747d9fb4b) Importer(815301076,1909f56bfc062723c751e8b465ee728b)  -> (artifact id: 'b4d62a153efb9b792262ce3e3ac86d25') in 0.024913 seconds 
========================================================================
Received Import Request.
  Time since last request: 0.000025 seconds.
  path: Assets/Sound/Radios/Radio1/Unknown Brain  Superhero feat Chris Linton NCS Release.mp3
  artifactKey: Guid(a0660de30093ffc4294d21b94c40f2cf) Importer(815301076,1909f56bfc062723c751e8b465ee728b)
Start importing Assets/Sound/Radios/Radio1/Unknown Brain  Superhero feat Chris Linton NCS Release.mp3 using Guid(a0660de30093ffc4294d21b94c40f2cf) Importer(815301076,1909f56bfc062723c751e8b465ee728b)  -> (artifact id: 'b8dd9b52c9091815d8581f3ecd12a007') in 0.024366 seconds 
========================================================================
Received Import Request.
  Time since last request: 0.000040 seconds.
  path: Assets/Sound/Radios/Radio1/Happy EDM by Alexi Action Copyright Free Music  Future House.mp3
  artifactKey: Guid(ae1415fc5bc98ba43bedc8e9c34ba818) Importer(815301076,1909f56bfc062723c751e8b465ee728b)
Start importing Assets/Sound/Radios/Radio1/Happy EDM by Alexi Action Copyright Free Music  Future House.mp3 using Guid(ae1415fc5bc98ba43bedc8e9c34ba818) Importer(815301076,1909f56bfc062723c751e8b465ee728b)  -> (artifact id: '3ae33f05731b421442f5354e66ed380c') in 0.025862 seconds 
========================================================================
Received Import Request.
  Time since last request: 0.000036 seconds.
  path: Assets/Sound/Radios/Radio1/Chill Electronic Calm by Infraction No Copyright Music  Higher.mp3
  artifactKey: Guid(18cb4d562db742e4a92c902dfad6359d) Importer(815301076,1909f56bfc062723c751e8b465ee728b)
Start importing Assets/Sound/Radios/Radio1/Chill Electronic Calm by Infraction No Copyright Music  Higher.mp3 using Guid(18cb4d562db742e4a92c902dfad6359d) Importer(815301076,1909f56bfc062723c751e8b465ee728b)  -> (artifact id: '5cf47b2eb13d6b7f77f27562c2a994a1') in 0.025939 seconds 
========================================================================
Received Import Request.
  Time since last request: 0.000031 seconds.
  path: Assets/Sound/Radios/Radio1/Janji  Heroes Tonight feat Johnning NCS Release.mp3
  artifactKey: Guid(c94cf906fd67c1b4ba49a1e393c4cfdc) Importer(815301076,1909f56bfc062723c751e8b465ee728b)
Start importing Assets/Sound/Radios/Radio1/Janji  Heroes Tonight feat Johnning NCS Release.mp3 using Guid(c94cf906fd67c1b4ba49a1e393c4cfdc) Importer(815301076,1909f56bfc062723c751e8b465ee728b)  -> (artifact id: '13e36111e0472543e1b58e4ec9867294') in 0.023348 seconds 
========================================================================
Received Import Request.
  Time since last request: 0.000036 seconds.
  path: Assets/Sound/Radios/Radio1/Julius Dreisig  Zeus X Crona  Invisible NCS Release.mp3
  artifactKey: Guid(1d06a393d861f9a49af6348c51c2ac3a) Importer(815301076,1909f56bfc062723c751e8b465ee728b)
Start importing Assets/Sound/Radios/Radio1/Julius Dreisig  Zeus X Crona  Invisible NCS Release.mp3 using Guid(1d06a393d861f9a49af6348c51c2ac3a) Importer(815301076,1909f56bfc062723c751e8b465ee728b)  -> (artifact id: 'a131df04abc016c7cc609a3b85360e40') in 0.022644 seconds 
========================================================================
Received Import Request.
  Time since last request: 0.000194 seconds.
  path: Assets/Sound/Radios/Radio1/Tropical House by Alexi Action Copyright free music  Dreams Come True.mp3
  artifactKey: Guid(6ed2baaadd835844cae67607a73e26dd) Importer(815301076,1909f56bfc062723c751e8b465ee728b)
Start importing Assets/Sound/Radios/Radio1/Tropical House by Alexi Action Copyright free music  Dreams Come True.mp3 using Guid(6ed2baaadd835844cae67607a73e26dd) Importer(815301076,1909f56bfc062723c751e8b465ee728b)  -> (artifact id: 'fa00772b587ed329cb573195c259deb4') in 0.023756 seconds 
========================================================================
Received Import Request.
  Time since last request: 0.000035 seconds.
  path: Assets/Sound/Radios/Radio1/Cartoon  Why We Lose feat Coleman Trapp NCS Release.mp3
  artifactKey: Guid(4cd59198f1e5c524885bc2ce98ca6356) Importer(815301076,1909f56bfc062723c751e8b465ee728b)
Start importing Assets/Sound/Radios/Radio1/Cartoon  Why We Lose feat Coleman Trapp NCS Release.mp3 using Guid(4cd59198f1e5c524885bc2ce98ca6356) Importer(815301076,1909f56bfc062723c751e8b465ee728b)  -> (artifact id: 'ee75a93f339e02db0a7ce76704de6050') in 0.022516 seconds 
========================================================================
Received Import Request.
  Time since last request: 0.000028 seconds.
  path: Assets/Sound/Radios/Radio1/Phonk Drift Gaming by Infraction No Copyright Music  Dont Care.mp3
  artifactKey: Guid(fabbab75b6c583648a0ac08c71f7827f) Importer(815301076,1909f56bfc062723c751e8b465ee728b)
Start importing Assets/Sound/Radios/Radio1/Phonk Drift Gaming by Infraction No Copyright Music  Dont Care.mp3 using Guid(fabbab75b6c583648a0ac08c71f7827f) Importer(815301076,1909f56bfc062723c751e8b465ee728b)  -> (artifact id: '212bcff2f104b21e31d04e855e913a54') in 0.023858 seconds 
========================================================================
Received Import Request.
  Time since last request: 0.000038 seconds.
  path: Assets/Sound/Radios/Radio1/Robin Hustin x TobiMorrow  Light It Up feat Jex NCS Release.mp3
  artifactKey: Guid(6905190eab07d3b43a4eddc64cd92471) Importer(815301076,1909f56bfc062723c751e8b465ee728b)
Start importing Assets/Sound/Radios/Radio1/Robin Hustin x TobiMorrow  Light It Up feat Jex NCS Release.mp3 using Guid(6905190eab07d3b43a4eddc64cd92471) Importer(815301076,1909f56bfc062723c751e8b465ee728b)  -> (artifact id: '9a7fccc41e9520a981cea7deda7f6abf') in 0.022731 seconds 
========================================================================
Received Import Request.
  Time since last request: 0.000041 seconds.
  path: Assets/Sound/Radios/Radio1/Music for Showreel by Alexi Action No Copyright Music.mp3
  artifactKey: Guid(d65bc93885992b8409e11337c3fab316) Importer(815301076,1909f56bfc062723c751e8b465ee728b)
Start importing Assets/Sound/Radios/Radio1/Music for Showreel by Alexi Action No Copyright Music.mp3 using Guid(d65bc93885992b8409e11337c3fab316) Importer(815301076,1909f56bfc062723c751e8b465ee728b)  -> (artifact id: '2da1d71e5ca835d9d9ad0a98d8a8f42f') in 0.026422 seconds 
========================================================================
Received Import Request.
  Time since last request: 0.000030 seconds.
  path: Assets/Sound/Radios/Radio1/Cartoon  On  On feat Daniel Levi NCS Release.mp3
  artifactKey: Guid(04244c32742ab0643a82dde7d44814f6) Importer(815301076,1909f56bfc062723c751e8b465ee728b)
Start importing Assets/Sound/Radios/Radio1/Cartoon  On  On feat Daniel Levi NCS Release.mp3 using Guid(04244c32742ab0643a82dde7d44814f6) Importer(815301076,1909f56bfc062723c751e8b465ee728b)  -> (artifact id: '1394f3d1db891c955611f77b439c5b09') in 0.024649 seconds 
========================================================================
Received Import Request.
  Time since last request: 0.000049 seconds.
  path: Assets/Sound/Radios/Radio1/EDM Anime Party by Infraction No Copyright Music  Losing Control.mp3
  artifactKey: Guid(3624ac6efb9a2c44f983d4a2c81d875b) Importer(815301076,1909f56bfc062723c751e8b465ee728b)
Start importing Assets/Sound/Radios/Radio1/EDM Anime Party by Infraction No Copyright Music  Losing Control.mp3 using Guid(3624ac6efb9a2c44f983d4a2c81d875b) Importer(815301076,1909f56bfc062723c751e8b465ee728b)  -> (artifact id: 'f2a975cfcc8b296c418bd977f36a3985') in 0.030377 seconds 
========================================================================
Received Import Request.
  Time since last request: 0.000048 seconds.
  path: Assets/Sound/Radios/Radio1/Phonk Drift Dirty Beat by Alexi Action No Copyright MusicYou Wanna Play.mp3
  artifactKey: Guid(57b896f237418d3408f31539fbc6f500) Importer(815301076,1909f56bfc062723c751e8b465ee728b)
Start importing Assets/Sound/Radios/Radio1/Phonk Drift Dirty Beat by Alexi Action No Copyright MusicYou Wanna Play.mp3 using Guid(57b896f237418d3408f31539fbc6f500) Importer(815301076,1909f56bfc062723c751e8b465ee728b)  -> (artifact id: '77b5521feeb6815b1b9c6425585ca595') in 0.025123 seconds 
========================================================================
Received Import Request.
  Time since last request: 1.852474 seconds.
  path: Assets/Sound/Radios/Radio2
  artifactKey: Guid(c2535ec183d679f4f9f54609e70a2316) Importer(815301076,1909f56bfc062723c751e8b465ee728b)
Start importing Assets/Sound/Radios/Radio2 using Guid(c2535ec183d679f4f9f54609e70a2316) Importer(815301076,1909f56bfc062723c751e8b465ee728b)  -> (artifact id: 'b7f506617c5b06fec7c9edec549b26ad') in 0.011117 seconds 
========================================================================
Received Import Request.
  Time since last request: 0.036039 seconds.
  path: Assets/Sound/Radios/Radio2/Abstract Electronic For Drift by Alexi Action No Copyight Music  Ghost.mp3
  artifactKey: Guid(cc5c599863bb0084e81679dd87b3a0c7) Importer(815301076,1909f56bfc062723c751e8b465ee728b)
Start importing Assets/Sound/Radios/Radio2/Abstract Electronic For Drift by Alexi Action No Copyight Music  Ghost.mp3 using Guid(cc5c599863bb0084e81679dd87b3a0c7) Importer(815301076,1909f56bfc062723c751e8b465ee728b)  -> (artifact id: 'd38040c007ff906daedc4c7b84536f0d') in 0.019726 seconds 
========================================================================
Received Import Request.
  Time since last request: 0.000029 seconds.
  path: Assets/Sound/Radios/Radio2/Syn Cole  Feel Good NCS Release.mp3
  artifactKey: Guid(cbbcc1f45ce52fa4fba898372c3a0ee8) Importer(815301076,1909f56bfc062723c751e8b465ee728b)
Start importing Assets/Sound/Radios/Radio2/Syn Cole  Feel Good NCS Release.mp3 using Guid(cbbcc1f45ce52fa4fba898372c3a0ee8) Importer(815301076,1909f56bfc062723c751e8b465ee728b)  -> (artifact id: '9d4ad185cf09c60f2671e729913878c0') in 0.022436 seconds 
========================================================================
Received Import Request.
  Time since last request: 0.000034 seconds.
  path: Assets/Sound/Radios/Radio2/Privatissimo   royalty free Bebop Jazz.mp3
  artifactKey: Guid(244e396d0cfeb1548bb0fcfade7a6a80) Importer(815301076,1909f56bfc062723c751e8b465ee728b)
Start importing Assets/Sound/Radios/Radio2/Privatissimo   royalty free Bebop Jazz.mp3 using Guid(244e396d0cfeb1548bb0fcfade7a6a80) Importer(815301076,1909f56bfc062723c751e8b465ee728b)  -> (artifact id: '4c526d71db61456f82474d15636133fd') in 0.025574 seconds 
========================================================================
Received Import Request.
  Time since last request: 0.000044 seconds.
  path: Assets/Sound/Radios/Radio2/Flute on Satin   royalty free Jazz.mp3
  artifactKey: Guid(290e8316b2b32b8469a0e86acc725ca1) Importer(815301076,1909f56bfc062723c751e8b465ee728b)
Start importing Assets/Sound/Radios/Radio2/Flute on Satin   royalty free Jazz.mp3 using Guid(290e8316b2b32b8469a0e86acc725ca1) Importer(815301076,1909f56bfc062723c751e8b465ee728b)  -> (artifact id: '78ade7a4bb2a71607d2116b26299a092') in 0.032288 seconds 
========================================================================
Received Import Request.
  Time since last request: 0.000036 seconds.
  path: Assets/Sound/Radios/Radio2/EDM Anime Party by Infraction No Copyright Music  Losing Control.mp3
  artifactKey: Guid(1f625817edefa7f4a8948f14c1df7a18) Importer(815301076,1909f56bfc062723c751e8b465ee728b)
Start importing Assets/Sound/Radios/Radio2/EDM Anime Party by Infraction No Copyright Music  Losing Control.mp3 using Guid(1f625817edefa7f4a8948f14c1df7a18) Importer(815301076,1909f56bfc062723c751e8b465ee728b)  -> (artifact id: '2a805ed3bfc4ddc05f91921e6aeb573b') in 0.024502 seconds 
========================================================================
Received Import Request.
  Time since last request: 0.000033 seconds.
  path: Assets/Sound/Radios/Radio2/Happy EDM by Alexi Action Copyright Free Music  Future House.mp3
  artifactKey: Guid(c391e9a8cfd619243a1670275f449cd5) Importer(815301076,1909f56bfc062723c751e8b465ee728b)
Start importing Assets/Sound/Radios/Radio2/Happy EDM by Alexi Action Copyright Free Music  Future House.mp3 using Guid(c391e9a8cfd619243a1670275f449cd5) Importer(815301076,1909f56bfc062723c751e8b465ee728b)  -> (artifact id: '410c864e1fa247360dcd514d59cb3948') in 0.021261 seconds 
========================================================================
Received Import Request.
  Time since last request: 0.000027 seconds.
  path: Assets/Sound/Radios/Radio2/Elektronomia  Sky High NCS Release.mp3
  artifactKey: Guid(a805e28e4bf95a342bc19b01b47047e3) Importer(815301076,1909f56bfc062723c751e8b465ee728b)
Start importing Assets/Sound/Radios/Radio2/Elektronomia  Sky High NCS Release.mp3 using Guid(a805e28e4bf95a342bc19b01b47047e3) Importer(815301076,1909f56bfc062723c751e8b465ee728b)  -> (artifact id: 'cd82b90d838cef7334d99d5f826eb20d') in 0.016620 seconds 
========================================================================
Received Import Request.
  Time since last request: 0.000026 seconds.
  path: Assets/Sound/Radios/Radio2/Jazz Music 15 No Copyright.mp3
  artifactKey: Guid(c34d5b0e81ed5c04da61c4e13c70784b) Importer(815301076,1909f56bfc062723c751e8b465ee728b)
Start importing Assets/Sound/Radios/Radio2/Jazz Music 15 No Copyright.mp3 using Guid(c34d5b0e81ed5c04da61c4e13c70784b) Importer(815301076,1909f56bfc062723c751e8b465ee728b)  -> (artifact id: '20e5e8ccdc9f45dbe7c198788801774e') in 0.025808 seconds 
========================================================================
Received Import Request.
  Time since last request: 0.000033 seconds.
  path: Assets/Sound/Radios/Radio2/Fascinating part 3    royalty free solo stride piano very fast  no copyright  gemafrei.mp3
  artifactKey: Guid(27eda60154787b34489833ea66ef76fe) Importer(815301076,1909f56bfc062723c751e8b465ee728b)
Start importing Assets/Sound/Radios/Radio2/Fascinating part 3    royalty free solo stride piano very fast  no copyright  gemafrei.mp3 using Guid(27eda60154787b34489833ea66ef76fe) Importer(815301076,1909f56bfc062723c751e8b465ee728b)  -> (artifact id: '8900ff03784cec116fcb94e511291581') in 0.028479 seconds 
========================================================================
Received Import Request.
  Time since last request: 0.000028 seconds.
  path: Assets/Sound/Radios/Radio2/I Remember   royalty free jazz ballad.mp3
  artifactKey: Guid(f112bc35ed399034d96db9d7e989a006) Importer(815301076,1909f56bfc062723c751e8b465ee728b)
Start importing Assets/Sound/Radios/Radio2/I Remember   royalty free jazz ballad.mp3 using Guid(f112bc35ed399034d96db9d7e989a006) Importer(815301076,1909f56bfc062723c751e8b465ee728b)  -> (artifact id: '013cd7a309bb37b371a4a81d2d4fe628') in 0.028200 seconds 
========================================================================
Received Import Request.
  Time since last request: 0.000025 seconds.
  path: Assets/Sound/Radios/Radio2/Cool  Saxy   royalty free Cool Jazz.mp3
  artifactKey: Guid(080901aac14ab204880faff99181b6cf) Importer(815301076,1909f56bfc062723c751e8b465ee728b)
Start importing Assets/Sound/Radios/Radio2/Cool  Saxy   royalty free Cool Jazz.mp3 using Guid(080901aac14ab204880faff99181b6cf) Importer(815301076,1909f56bfc062723c751e8b465ee728b)  -> (artifact id: '4610d5dd494489696be6b8184a54bf60') in 0.029867 seconds 
========================================================================
Received Import Request.
  Time since last request: 0.000038 seconds.
  path: Assets/Sound/Radios/Radio2/Soul Loop   royalty free Nu Soul Smooth Jazz.mp3
  artifactKey: Guid(cb3ad01e5393f67468a1a016aa12230a) Importer(815301076,1909f56bfc062723c751e8b465ee728b)
Start importing Assets/Sound/Radios/Radio2/Soul Loop   royalty free Nu Soul Smooth Jazz.mp3 using Guid(cb3ad01e5393f67468a1a016aa12230a) Importer(815301076,1909f56bfc062723c751e8b465ee728b)  -> (artifact id: 'ad1316813ea64fcc95dde7fa5c8909c7') in 0.025720 seconds 
========================================================================
Received Import Request.
  Time since last request: 0.000030 seconds.
  path: Assets/Sound/Radios/Radio2/Jazz Music 4 No Copyright.mp3
  artifactKey: Guid(cc606a994e551014c80a0cd22b49089c) Importer(815301076,1909f56bfc062723c751e8b465ee728b)
Start importing Assets/Sound/Radios/Radio2/Jazz Music 4 No Copyright.mp3 using Guid(cc606a994e551014c80a0cd22b49089c) Importer(815301076,1909f56bfc062723c751e8b465ee728b)  -> (artifact id: '7fa3a950bd75c0c1604abbba1a53d7e7') in 0.024827 seconds 
========================================================================
Received Import Request.
  Time since last request: 0.000025 seconds.
  path: Assets/Sound/Radios/Radio2/Jazz Music 1 No Copyright.mp3
  artifactKey: Guid(68f8cf4f1f893714bb91f0a1b22e81ed) Importer(815301076,1909f56bfc062723c751e8b465ee728b)
Start importing Assets/Sound/Radios/Radio2/Jazz Music 1 No Copyright.mp3 using Guid(68f8cf4f1f893714bb91f0a1b22e81ed) Importer(815301076,1909f56bfc062723c751e8b465ee728b)  -> (artifact id: '2446e98675fcac55030e1644c38708b8') in 0.023517 seconds 
========================================================================
Received Import Request.
  Time since last request: 0.000027 seconds.
  path: Assets/Sound/Radios/Radio2/Gilbertos Job    royalty free bossa nova.mp3
  artifactKey: Guid(da48654ba1d3faf40bb6aa8b7bf88f21) Importer(815301076,1909f56bfc062723c751e8b465ee728b)
Start importing Assets/Sound/Radios/Radio2/Gilbertos Job    royalty free bossa nova.mp3 using Guid(da48654ba1d3faf40bb6aa8b7bf88f21) Importer(815301076,1909f56bfc062723c751e8b465ee728b)  -> (artifact id: '5c1a25dea162487ae9249312db7d5057') in 0.022299 seconds 
========================================================================
Received Import Request.
  Time since last request: 0.000026 seconds.
  path: Assets/Sound/Radios/Radio2/Jazz Music 12 No Copyright.mp3
  artifactKey: Guid(db75c9568d329b14295ece2fb82857e6) Importer(815301076,1909f56bfc062723c751e8b465ee728b)
Start importing Assets/Sound/Radios/Radio2/Jazz Music 12 No Copyright.mp3 using Guid(db75c9568d329b14295ece2fb82857e6) Importer(815301076,1909f56bfc062723c751e8b465ee728b)  -> (artifact id: 'cce19f5b380bcc1cff60478147bce78f') in 0.023648 seconds 
========================================================================
Received Import Request.
  Time since last request: 0.000042 seconds.
  path: Assets/Sound/Radios/Radio2/Blue Soul   royalty free soul blues.mp3
  artifactKey: Guid(dc2a58059bff8274cb6a311d90cc7ef9) Importer(815301076,1909f56bfc062723c751e8b465ee728b)
Start importing Assets/Sound/Radios/Radio2/Blue Soul   royalty free soul blues.mp3 using Guid(dc2a58059bff8274cb6a311d90cc7ef9) Importer(815301076,1909f56bfc062723c751e8b465ee728b)  -> (artifact id: '7807155e72015704302f6c8eb566de75') in 0.023662 seconds 
========================================================================
Received Import Request.
  Time since last request: 0.000070 seconds.
  path: Assets/Sound/Radios/Radio2/Jazz Music 11 No Copyright.mp3
  artifactKey: Guid(b48badcc9d013764c99f66aae5a60fef) Importer(815301076,1909f56bfc062723c751e8b465ee728b)
Start importing Assets/Sound/Radios/Radio2/Jazz Music 11 No Copyright.mp3 using Guid(b48badcc9d013764c99f66aae5a60fef) Importer(815301076,1909f56bfc062723c751e8b465ee728b)  -> (artifact id: '5f14012d7514eec7e2e47fe882cffe4d') in 0.024899 seconds 
========================================================================
Received Import Request.
  Time since last request: 0.000039 seconds.
  path: Assets/Sound/Radios/Radio2/Sport Technology Electronic by Infraction No Copyright Music  Play The Game.mp3
  artifactKey: Guid(5e2079caff765f7448eaab7b646e9db3) Importer(815301076,1909f56bfc062723c751e8b465ee728b)
Start importing Assets/Sound/Radios/Radio2/Sport Technology Electronic by Infraction No Copyright Music  Play The Game.mp3 using Guid(5e2079caff765f7448eaab7b646e9db3) Importer(815301076,1909f56bfc062723c751e8b465ee728b)  -> (artifact id: '1bd48f9c08d2a1e075b75c4839f8e2eb') in 0.024091 seconds 
========================================================================
Received Import Request.
  Time since last request: 0.000022 seconds.
  path: Assets/Sound/Radios/Radio2/Bei mir so scheen    royalty free gypsy jazz.mp3
  artifactKey: Guid(d74de3b7cfa885442b37681be92367d7) Importer(815301076,1909f56bfc062723c751e8b465ee728b)
Start importing Assets/Sound/Radios/Radio2/Bei mir so scheen    royalty free gypsy jazz.mp3 using Guid(d74de3b7cfa885442b37681be92367d7) Importer(815301076,1909f56bfc062723c751e8b465ee728b)  -> (artifact id: '9898537c86b10eace9b5120ffb7fc394') in 0.023707 seconds 
========================================================================
Received Import Request.
  Time since last request: 0.000034 seconds.
  path: Assets/Sound/Radios/Radio2/All You Are   royalty free vintage stride piano.mp3
  artifactKey: Guid(7f9d2076242821a4da86eac8a03db3a3) Importer(815301076,1909f56bfc062723c751e8b465ee728b)
Start importing Assets/Sound/Radios/Radio2/All You Are   royalty free vintage stride piano.mp3 using Guid(7f9d2076242821a4da86eac8a03db3a3) Importer(815301076,1909f56bfc062723c751e8b465ee728b)  -> (artifact id: '7acdba4fa5166eec7315d1770d6b88e8') in 0.024116 seconds 
========================================================================
Received Import Request.
  Time since last request: 0.000035 seconds.
  path: Assets/Sound/Radios/Radio2/Jazz Music 9 No Copyright.mp3
  artifactKey: Guid(b0d57fbc05cf0394d88f93b877792c9e) Importer(815301076,1909f56bfc062723c751e8b465ee728b)
Start importing Assets/Sound/Radios/Radio2/Jazz Music 9 No Copyright.mp3 using Guid(b0d57fbc05cf0394d88f93b877792c9e) Importer(815301076,1909f56bfc062723c751e8b465ee728b)  -> (artifact id: '9c86374c5d81a2ad955ac87a43a108a6') in 0.023926 seconds 
========================================================================
Received Import Request.
  Time since last request: 0.000045 seconds.
  path: Assets/Sound/Radios/Radio2/New York Big Apple   royalty free Big Band Swing.mp3
  artifactKey: Guid(28ee5c0ee96a48a49b73c1d9e80031fa) Importer(815301076,1909f56bfc062723c751e8b465ee728b)
Start importing Assets/Sound/Radios/Radio2/New York Big Apple   royalty free Big Band Swing.mp3 using Guid(28ee5c0ee96a48a49b73c1d9e80031fa) Importer(815301076,1909f56bfc062723c751e8b465ee728b)  -> (artifact id: '997e50be1cbdc6dfa873f5a4d2592de2') in 0.032433 seconds 
========================================================================
Received Import Request.
  Time since last request: 0.000030 seconds.
  path: Assets/Sound/Radios/Radio2/Deep Feelings  royalty free smooth jazz.mp3
  artifactKey: Guid(f6040a6b41bada047979c4f0aa069c2f) Importer(815301076,1909f56bfc062723c751e8b465ee728b)
Start importing Assets/Sound/Radios/Radio2/Deep Feelings  royalty free smooth jazz.mp3 using Guid(f6040a6b41bada047979c4f0aa069c2f) Importer(815301076,1909f56bfc062723c751e8b465ee728b)  -> (artifact id: '2c05f220a0fc40a8ce32f958f1713efc') in 0.030130 seconds 
========================================================================
Received Import Request.
  Time since last request: 0.000032 seconds.
  path: Assets/Sound/Radios/Radio2/Jazz Music 3 No Copyright.mp3
  artifactKey: Guid(91f7541147de62d4d973d1ebca71fe5d) Importer(815301076,1909f56bfc062723c751e8b465ee728b)
Start importing Assets/Sound/Radios/Radio2/Jazz Music 3 No Copyright.mp3 using Guid(91f7541147de62d4d973d1ebca71fe5d) Importer(815301076,1909f56bfc062723c751e8b465ee728b)  -> (artifact id: '91cef8a5ca85963f77e6b6c782fff1ff') in 0.028053 seconds 
========================================================================
Received Import Request.
  Time since last request: 0.000031 seconds.
  path: Assets/Sound/Radios/Radio2/Boogaloo   royalty free vintage beats.mp3
  artifactKey: Guid(6dfd813cf758e8f4c96590fd737bdf1e) Importer(815301076,1909f56bfc062723c751e8b465ee728b)
Start importing Assets/Sound/Radios/Radio2/Boogaloo   royalty free vintage beats.mp3 using Guid(6dfd813cf758e8f4c96590fd737bdf1e) Importer(815301076,1909f56bfc062723c751e8b465ee728b)  -> (artifact id: 'f2be1dfff0121464e6821ede43098b2e') in 0.024807 seconds 
========================================================================
Received Import Request.
  Time since last request: 0.000039 seconds.
  path: Assets/Sound/Radios/Radio2/Cruising in Miami   no copyright smooth jazz royalty free gemafrei.mp3
  artifactKey: Guid(3553e9e9c0a868e4aa4ccced3221c767) Importer(815301076,1909f56bfc062723c751e8b465ee728b)
Start importing Assets/Sound/Radios/Radio2/Cruising in Miami   no copyright smooth jazz royalty free gemafrei.mp3 using Guid(3553e9e9c0a868e4aa4ccced3221c767) Importer(815301076,1909f56bfc062723c751e8b465ee728b)  -> (artifact id: '15459592cab23f60c32a2404f621a893') in 0.024883 seconds 
========================================================================
Received Import Request.
  Time since last request: 0.000037 seconds.
  path: Assets/Sound/Radios/Radio2/Dont Tease Me   royalty free Blues Shuffle.mp3
  artifactKey: Guid(f93b065f7d6df2242a13d502d9a3d079) Importer(815301076,1909f56bfc062723c751e8b465ee728b)
Start importing Assets/Sound/Radios/Radio2/Dont Tease Me   royalty free Blues Shuffle.mp3 using Guid(f93b065f7d6df2242a13d502d9a3d079) Importer(815301076,1909f56bfc062723c751e8b465ee728b)  -> (artifact id: 'b41441a5c594de28d2b91f2850d9d582') in 0.025116 seconds 
========================================================================
Received Import Request.
  Time since last request: 0.000025 seconds.
  path: Assets/Sound/Radios/Radio2/Fascinating part 2    royalty free solo stride piano medium fast no copyright music gemafrei.mp3
  artifactKey: Guid(35ee5fe0dcb7f2e4c89269884dfd4e07) Importer(815301076,1909f56bfc062723c751e8b465ee728b)
Start importing Assets/Sound/Radios/Radio2/Fascinating part 2    royalty free solo stride piano medium fast no copyright music gemafrei.mp3 using Guid(35ee5fe0dcb7f2e4c89269884dfd4e07) Importer(815301076,1909f56bfc062723c751e8b465ee728b)  -> (artifact id: 'd6ea28d0550837844c76a6b9ed5d3a90') in 0.024828 seconds 
========================================================================
Received Import Request.
  Time since last request: 47.446680 seconds.
  path: Assets/Sound/Radios/Radio3/Blues Rock by Infraction No Copyright Music  True Detective.mp3
  artifactKey: Guid(daae6b47db0711945a66cacbd9f0f81a) Importer(815301076,1909f56bfc062723c751e8b465ee728b)
Start importing Assets/Sound/Radios/Radio3/Blues Rock by Infraction No Copyright Music  True Detective.mp3 using Guid(daae6b47db0711945a66cacbd9f0f81a) Importer(815301076,1909f56bfc062723c751e8b465ee728b)  -> (artifact id: '300e5392fca11e79e036f1c8ecda93be') in 0.026084 seconds 
========================================================================
Received Import Request.
  Time since last request: 0.000028 seconds.
  path: Assets/Sound/Radios/Radio3/Rock Sport Extreme by Infraction No Copyright Music  Riff Rock.mp3
  artifactKey: Guid(c97a4c25c8bd973478b89a9007115d37) Importer(815301076,1909f56bfc062723c751e8b465ee728b)
Start importing Assets/Sound/Radios/Radio3/Rock Sport Extreme by Infraction No Copyright Music  Riff Rock.mp3 using Guid(c97a4c25c8bd973478b89a9007115d37) Importer(815301076,1909f56bfc062723c751e8b465ee728b)  -> (artifact id: '891f98829cb9d863d31688b0c685f746') in 0.026267 seconds 
========================================================================
Received Import Request.
  Time since last request: 0.000042 seconds.
  path: Assets/Sound/Radios/Radio3/Music for Showreel by Alexi Action No Copyright Music.mp3
  artifactKey: Guid(064bb24c37e8f4742909a80780089f03) Importer(815301076,1909f56bfc062723c751e8b465ee728b)
Start importing Assets/Sound/Radios/Radio3/Music for Showreel by Alexi Action No Copyright Music.mp3 using Guid(064bb24c37e8f4742909a80780089f03) Importer(815301076,1909f56bfc062723c751e8b465ee728b)  -> (artifact id: 'aa85379ff78a1dd3a5df04081004bd7c') in 0.027177 seconds 
========================================================================
Received Import Request.
  Time since last request: 0.000031 seconds.
  path: Assets/Sound/Radios/Radio3/Punk Rock Commercial Motivational Energetic by Independence No Copyright Music   Low.mp3
  artifactKey: Guid(06c175e7dfd524b408dd0b8f98ca2b47) Importer(815301076,1909f56bfc062723c751e8b465ee728b)
Start importing Assets/Sound/Radios/Radio3/Punk Rock Commercial Motivational Energetic by Independence No Copyright Music   Low.mp3 using Guid(06c175e7dfd524b408dd0b8f98ca2b47) Importer(815301076,1909f56bfc062723c751e8b465ee728b)  -> (artifact id: 'ac856d4f99f27b24ff5e5c7702bbfaf3') in 0.022564 seconds 
========================================================================
Received Import Request.
  Time since last request: 0.000030 seconds.
  path: Assets/Sound/Radios/Radio3/Sport EDM Car Trap by Infraction No Copyright Music  Never Stop.mp3
  artifactKey: Guid(566fb4f5d8615bb4eb31c19961d9262b) Importer(815301076,1909f56bfc062723c751e8b465ee728b)
Start importing Assets/Sound/Radios/Radio3/Sport EDM Car Trap by Infraction No Copyright Music  Never Stop.mp3 using Guid(566fb4f5d8615bb4eb31c19961d9262b) Importer(815301076,1909f56bfc062723c751e8b465ee728b)  -> (artifact id: '8e33fd355012a4e7558953964ebe10fe') in 0.020717 seconds 
========================================================================
Received Import Request.
  Time since last request: 0.000035 seconds.
  path: Assets/Sound/Radios/Radio3/Classic Rock Trailer Travel Britpop by Independence No Copyright Music  Catch the Tide.mp3
  artifactKey: Guid(3354a9c77c157ef4cbb51d16861dd1b2) Importer(815301076,1909f56bfc062723c751e8b465ee728b)
Start importing Assets/Sound/Radios/Radio3/Classic Rock Trailer Travel Britpop by Independence No Copyright Music  Catch the Tide.mp3 using Guid(3354a9c77c157ef4cbb51d16861dd1b2) Importer(815301076,1909f56bfc062723c751e8b465ee728b)  -> (artifact id: 'c38529259110e8687908160ff72b86a4') in 0.031792 seconds 
========================================================================
Received Import Request.
  Time since last request: 0.000039 seconds.
  path: Assets/Sound/Radios/Radio3/Tarantino Country Rock Detective by Infraction No Copyright Music  Guilty.mp3
  artifactKey: Guid(d8b2c8573e5c0bc41b67d73f02a2918f) Importer(815301076,1909f56bfc062723c751e8b465ee728b)
Start importing Assets/Sound/Radios/Radio3/Tarantino Country Rock Detective by Infraction No Copyright Music  Guilty.mp3 using Guid(d8b2c8573e5c0bc41b67d73f02a2918f) Importer(815301076,1909f56bfc062723c751e8b465ee728b)  -> (artifact id: '07762e18bdcf4fe5fdb444742e8416a0') in 0.025358 seconds 
========================================================================
Received Import Request.
  Time since last request: 0.000028 seconds.
  path: Assets/Sound/Radios/Radio3/Sport Racing Metal by Infraction No Copyright Music  Toxic Mind.mp3
  artifactKey: Guid(530484959c5f30444b2b7e861dc584e1) Importer(815301076,1909f56bfc062723c751e8b465ee728b)
Start importing Assets/Sound/Radios/Radio3/Sport Racing Metal by Infraction No Copyright Music  Toxic Mind.mp3 using Guid(530484959c5f30444b2b7e861dc584e1) Importer(815301076,1909f56bfc062723c751e8b465ee728b)  -> (artifact id: 'a69bd28839bca2f8b2f0f555a560dca9') in 0.024252 seconds 
========================================================================
Received Import Request.
  Time since last request: 0.000123 seconds.
  path: Assets/Sound/Radios/Radio3/Slap House EDM by Alexi Action No Copyright MusicEndless Party.mp3
  artifactKey: Guid(e149ad2b69c98fa4f9c0dd0a95fe9b93) Importer(815301076,1909f56bfc062723c751e8b465ee728b)
Start importing Assets/Sound/Radios/Radio3/Slap House EDM by Alexi Action No Copyright MusicEndless Party.mp3 using Guid(e149ad2b69c98fa4f9c0dd0a95fe9b93) Importer(815301076,1909f56bfc062723c751e8b465ee728b)  -> (artifact id: '53d550860ebb3ef4aafa5537d2284908') in 0.023715 seconds 
========================================================================
Received Import Request.
  Time since last request: 0.000027 seconds.
  path: Assets/Sound/Radios/Radio3/Disfigure  Blank NCS Release.mp3
  artifactKey: Guid(15884ed91df553c4baf7f09fdde96469) Importer(815301076,1909f56bfc062723c751e8b465ee728b)
Start importing Assets/Sound/Radios/Radio3/Disfigure  Blank NCS Release.mp3 using Guid(15884ed91df553c4baf7f09fdde96469) Importer(815301076,1909f56bfc062723c751e8b465ee728b)  -> (artifact id: '0fa04cb796ed29ae0c32a55c8be4de17') in 0.016053 seconds 
========================================================================
Received Import Request.
  Time since last request: 0.000037 seconds.
  path: Assets/Sound/Radios/Radio3/Upbeat Energy Rock Sport by Infraction No Copyright Music  Another Journey.mp3
  artifactKey: Guid(6268c6e5a24218e43a5484c50504602b) Importer(815301076,1909f56bfc062723c751e8b465ee728b)
Start importing Assets/Sound/Radios/Radio3/Upbeat Energy Rock Sport by Infraction No Copyright Music  Another Journey.mp3 using Guid(6268c6e5a24218e43a5484c50504602b) Importer(815301076,1909f56bfc062723c751e8b465ee728b)  -> (artifact id: '267ff5e0fce5354bec995ab30f6888a9') in 0.022880 seconds 
========================================================================
Received Import Request.
  Time since last request: 0.000041 seconds.
  path: Assets/Sound/Radios/Radio3/Heavy Rock Sport Power by Infraction No Copyright Music  Fighter.mp3
  artifactKey: Guid(c984acc4b82071b4f896f8fe46109fbf) Importer(815301076,1909f56bfc062723c751e8b465ee728b)
Start importing Assets/Sound/Radios/Radio3/Heavy Rock Sport Power by Infraction No Copyright Music  Fighter.mp3 using Guid(c984acc4b82071b4f896f8fe46109fbf) Importer(815301076,1909f56bfc062723c751e8b465ee728b)  -> (artifact id: 'bf09001a42f7aba24115173986437db8') in 0.023552 seconds 
========================================================================
Received Import Request.
  Time since last request: 0.000055 seconds.
  path: Assets/Sound/Radios/Radio3/Trailer Metal Doom by Cold Cinema No Copyright Music  Dragon Fire.mp3
  artifactKey: Guid(ec91f149413d52e44b159885583e99f1) Importer(815301076,1909f56bfc062723c751e8b465ee728b)
Start importing Assets/Sound/Radios/Radio3/Trailer Metal Doom by Cold Cinema No Copyright Music  Dragon Fire.mp3 using Guid(ec91f149413d52e44b159885583e99f1) Importer(815301076,1909f56bfc062723c751e8b465ee728b)  -> (artifact id: '96036bbe7f143b270af9ff0730fb4ec5') in 0.022860 seconds 
========================================================================
Received Import Request.
  Time since last request: 0.000049 seconds.
  path: Assets/Sound/Radios/Radio3/Melodic Dubstep Hyper Pop by Alexi Action No Copyright MusicNight City.mp3
  artifactKey: Guid(875585c03ff30bb49b9ba5398e1be656) Importer(815301076,1909f56bfc062723c751e8b465ee728b)
Start importing Assets/Sound/Radios/Radio3/Melodic Dubstep Hyper Pop by Alexi Action No Copyright MusicNight City.mp3 using Guid(875585c03ff30bb49b9ba5398e1be656) Importer(815301076,1909f56bfc062723c751e8b465ee728b)  -> (artifact id: '3b0f72696e24a6538116999ecbbda119') in 0.020946 seconds 
========================================================================
Received Import Request.
  Time since last request: 0.000034 seconds.
  path: Assets/Sound/Radios/Radio3/No Copyright Music Energetic Rock Rock Music by MokkaMusic  Rock The Crowd.mp3
  artifactKey: Guid(9c9c7049ed644014f8e139a7886a4413) Importer(815301076,1909f56bfc062723c751e8b465ee728b)
Start importing Assets/Sound/Radios/Radio3/No Copyright Music Energetic Rock Rock Music by MokkaMusic  Rock The Crowd.mp3 using Guid(9c9c7049ed644014f8e139a7886a4413) Importer(815301076,1909f56bfc062723c751e8b465ee728b)  -> (artifact id: 'e6824412d3df148c3e31d5179a0f0476') in 0.024067 seconds 
========================================================================
Received Import Request.
  Time since last request: 0.000031 seconds.
  path: Assets/Sound/Radios/Radio3/Punk Rock Commercial Motivational by Independence No Copyright Music  Hella Kidz  Bald Head.mp3
  artifactKey: Guid(7697c7a88e1e6de4e8fc7a7f7665f801) Importer(815301076,1909f56bfc062723c751e8b465ee728b)
Start importing Assets/Sound/Radios/Radio3/Punk Rock Commercial Motivational by Independence No Copyright Music  Hella Kidz  Bald Head.mp3 using Guid(7697c7a88e1e6de4e8fc7a7f7665f801) Importer(815301076,1909f56bfc062723c751e8b465ee728b)  -> (artifact id: '56301cf9eb6d52f527a22363485b569e') in 0.026317 seconds 
========================================================================
Received Import Request.
  Time since last request: 4.871718 seconds.
  path: Assets/Sound/Radios/Radio3/Upbeat Funk by Infraction No Copyright Music  Funky Day.mp3
  artifactKey: Guid(39884601f149a7d4c936d815fe859cf4) Importer(815301076,1909f56bfc062723c751e8b465ee728b)
Start importing Assets/Sound/Radios/Radio3/Upbeat Funk by Infraction No Copyright Music  Funky Day.mp3 using Guid(39884601f149a7d4c936d815fe859cf4) Importer(815301076,1909f56bfc062723c751e8b465ee728b)  -> (artifact id: '5ad8b51a4388672b54359a83321652d2') in 0.023686 seconds 
Editor requested this worker to shutdown with reason: Scaling down because of idle timeout
AssetImportWorker is now disconnected from the server
Process exiting
Exiting without the bug reporter. Application will terminate with return code 0