Using pre-set license
Built from '2021.3/staging' branch; Version is '2021.3.10f1 (1c7d0df0160b) revision 1867021'; Using compiler version '192829333'; Build Type 'Release'
OS: 'Windows 11  (10.0.22621) 64bit Professional' Language: 'pt' Physical Memory: 16310 MB
BatchMode: 1, IsHumanControllingUs: 0, StartBugReporterOnCrash: 0, Is64bit: 1, IsPro: 1

COMMAND LINE ARGUMENTS:
C:\Program Files\Unity\Hub\Editor\2021.3.10f1\Editor\Unity.exe
-adb2
-batchMode
-noUpm
-name
AssetImportWorker3
-projectPath
C:/Users/thoma/Desktop/Taxí22_23/TaxiJungle
-logFile
Logs/AssetImportWorker3.log
-srvPort
62376
Successfully changed project path to: C:/Users/thoma/Desktop/Taxí22_23/TaxiJungle
C:/Users/thoma/Desktop/Taxí22_23/TaxiJungle
[UnityMemory] Configuration Parameters - Can be set up in boot.config
    "memorysetup-bucket-allocator-granularity=16"
    "memorysetup-bucket-allocator-bucket-count=8"
    "memorysetup-bucket-allocator-block-size=33554432"
    "memorysetup-bucket-allocator-block-count=8"
    "memorysetup-main-allocator-block-size=16777216"
    "memorysetup-thread-allocator-block-size=16777216"
    "memorysetup-gfx-main-allocator-block-size=16777216"
    "memorysetup-gfx-thread-allocator-block-size=16777216"
    "memorysetup-cache-allocator-block-size=4194304"
    "memorysetup-typetree-allocator-block-size=2097152"
    "memorysetup-profiler-bucket-allocator-granularity=16"
    "memorysetup-profiler-bucket-allocator-bucket-count=8"
    "memorysetup-profiler-bucket-allocator-block-size=33554432"
    "memorysetup-profiler-bucket-allocator-block-count=8"
    "memorysetup-profiler-allocator-block-size=16777216"
    "memorysetup-profiler-editor-allocator-block-size=1048576"
    "memorysetup-temp-allocator-size-main=16777216"
    "memorysetup-job-temp-allocator-block-size=2097152"
    "memorysetup-job-temp-allocator-block-size-background=1048576"
    "memorysetup-job-temp-allocator-reduction-small-platforms=262144"
    "memorysetup-temp-allocator-size-background-worker=32768"
    "memorysetup-temp-allocator-size-job-worker=262144"
    "memorysetup-temp-allocator-size-preload-manager=33554432"
    "memorysetup-temp-allocator-size-nav-mesh-worker=65536"
    "memorysetup-temp-allocator-size-audio-worker=65536"
    "memorysetup-temp-allocator-size-cloud-worker=32768"
    "memorysetup-temp-allocator-size-gi-baking-worker=262144"
    "memorysetup-temp-allocator-size-gfx=262144"
Refreshing native plugins compatible for Editor in 137.48 ms, found 5 plugins.
Preloading 0 native plugins for Editor in 0.00 ms.
Initialize engine version: 2021.3.10f1 (1c7d0df0160b)
[Subsystems] Discovering subsystems at path C:/Program Files/Unity/Hub/Editor/2021.3.10f1/Editor/Data/Resources/UnitySubsystems
[Subsystems] Discovering subsystems at path C:/Users/thoma/Desktop/Taxí22_23/TaxiJungle/Assets
GfxDevice: creating device client; threaded=0; jobified=0
Direct3D:
    Version:  Direct3D 11.0 [level 11.1]
    Renderer: NVIDIA GeForce RTX 3060 Ti (ID=0x2489)
    Vendor:   NVIDIA
    VRAM:     8038 MB
    Driver:   31.0.15.2698
Initialize mono
Mono path[0] = 'C:/Program Files/Unity/Hub/Editor/2021.3.10f1/Editor/Data/Managed'
Mono path[1] = 'C:/Program Files/Unity/Hub/Editor/2021.3.10f1/Editor/Data/MonoBleedingEdge/lib/mono/unityjit-win32'
Mono config path = 'C:/Program Files/Unity/Hub/Editor/2021.3.10f1/Editor/Data/MonoBleedingEdge/etc'
Using monoOptions --debugger-agent=transport=dt_socket,embedding=1,server=y,suspend=n,address=127.0.0.1:56448
Begin MonoManager ReloadAssembly
Registering precompiled unity dll's ...
Register platform support module: C:/Program Files/Unity/Hub/Editor/2021.3.10f1/Editor/Data/PlaybackEngines/WindowsStandaloneSupport/UnityEditor.WindowsStandalone.Extensions.dll
Registered in 0.006642 seconds.
Native extension for WindowsStandalone target not found
Refreshing native plugins compatible for Editor in 138.50 ms, found 5 plugins.
Preloading 0 native plugins for Editor in 0.00 ms.
Mono: successfully reloaded assembly
- Completed reload, in  0.701 seconds
Domain Reload Profiling:
	ReloadAssembly (701ms)
		BeginReloadAssembly (67ms)
			ExecutionOrderSort (0ms)
			DisableScriptedObjects (0ms)
			BackupInstance (0ms)
			ReleaseScriptingObjects (0ms)
			CreateAndSetChildDomain (1ms)
		EndReloadAssembly (517ms)
			LoadAssemblies (65ms)
			RebuildTransferFunctionScriptingTraits (0ms)
			SetupTypeCache (109ms)
			ReleaseScriptCaches (0ms)
			RebuildScriptCaches (27ms)
			SetupLoadedEditorAssemblies (333ms)
				LogAssemblyErrors (0ms)
				InitializePlatformSupportModulesInManaged (7ms)
				SetLoadedEditorAssemblies (0ms)
				RefreshPlugins (139ms)
				BeforeProcessingInitializeOnLoad (1ms)
				ProcessInitializeOnLoadAttributes (147ms)
				ProcessInitializeOnLoadMethodAttributes (38ms)
				AfterProcessingInitializeOnLoad (0ms)
				EditorAssembliesLoaded (0ms)
			ExecutionOrderSort2 (0ms)
			AwakeInstancesAfterBackupRestoration (0ms)
Platform modules already initialized, skipping
Registering precompiled user dll's ...
Registered in 0.007622 seconds.
Begin MonoManager ReloadAssembly
Symbol file LoadedFromMemory doesn't match image C:\Users\thoma\Desktop\Taxí22_23\TaxiJungle\Library\PackageCache\com.unity.visualscripting@1.7.8\Editor\VisualScripting.Core\Dependencies\YamlDotNet\Unity.VisualScripting.YamlDotNet.dll
Symbol file LoadedFromMemory doesn't match image C:\Users\thoma\Desktop\Taxí22_23\TaxiJungle\Library\PackageCache\com.unity.visualscripting@1.7.8\Editor\VisualScripting.Core\Dependencies\DotNetZip\Unity.VisualScripting.IonicZip.dll
Native extension for WindowsStandalone target not found
Refreshing native plugins compatible for Editor in 127.82 ms, found 5 plugins.
Preloading 0 native plugins for Editor in 0.00 ms.
Mono: successfully reloaded assembly
- Completed reload, in  9.332 seconds
Domain Reload Profiling:
	ReloadAssembly (9333ms)
		BeginReloadAssembly (126ms)
			ExecutionOrderSort (0ms)
			DisableScriptedObjects (5ms)
			BackupInstance (0ms)
			ReleaseScriptingObjects (0ms)
			CreateAndSetChildDomain (27ms)
		EndReloadAssembly (8972ms)
			LoadAssemblies (6436ms)
			RebuildTransferFunctionScriptingTraits (0ms)
			SetupTypeCache (813ms)
			ReleaseScriptCaches (1ms)
			RebuildScriptCaches (71ms)
			SetupLoadedEditorAssemblies (1614ms)
				LogAssemblyErrors (0ms)
				InitializePlatformSupportModulesInManaged (5ms)
				SetLoadedEditorAssemblies (0ms)
				RefreshPlugins (128ms)
				BeforeProcessingInitializeOnLoad (135ms)
				ProcessInitializeOnLoadAttributes (376ms)
				ProcessInitializeOnLoadMethodAttributes (963ms)
				AfterProcessingInitializeOnLoad (6ms)
				EditorAssembliesLoaded (0ms)
			ExecutionOrderSort2 (0ms)
			AwakeInstancesAfterBackupRestoration (6ms)
Platform modules already initialized, skipping
========================================================================
Worker process is ready to serve import requests
Launched and connected shader compiler UnityShaderCompiler.exe after 0.05 seconds
Refreshing native plugins compatible for Editor in 1.41 ms, found 5 plugins.
Preloading 0 native plugins for Editor in 0.00 ms.
Unloading 6075 Unused Serialized files (Serialized files now loaded: 0)
Unloading 68 unused Assets / (2.0 MB). Loaded Objects now: 6519.
Memory consumption went from 247.2 MB to 245.1 MB.
Total: 5.518700 ms (FindLiveObjects: 0.615600 ms CreateObjectMapping: 0.192500 ms MarkObjects: 3.939400 ms  DeleteObjects: 0.769800 ms)

AssetImportParameters requested are different than current active one (requested -> active):
  custom:video-decoder-ogg-theora: a1e56fd34408186e4bbccfd4996cb3dc -> 
  custom:container-muxer-webm: aa71ff27fc2769a1b78a27578f13a17b -> 
  custom:container-demuxer-webm: 4f35f7cbe854078d1ac9338744f61a02 -> 
  custom:video-encoder-webm-vp8: eb34c28f22e8b96e1ab97ce403110664 -> 
  custom:audio-encoder-webm-vorbis: bf7c407c2cedff20999df2af8eb42d56 -> 
  custom:framework-win-MediaFoundation: 216162199b28c13a410421893ffa2e32 -> 
  custom:container-demuxer-ogg: 62fdf1f143b41e24485cea50d1cbac27 -> 
  custom:video-decoder-webm-vp8: 9c59270c3fd7afecdb556c50c9e8de78 -> 
  custom:audio-decoder-ogg-vorbis: bf7c407c2cedff20999df2af8eb42d56 -> 
========================================================================
Received Import Request.
  Time since last request: 3767.602745 seconds.
  path: Assets/2D Assets/Ui assets/NotaMusica.png
  artifactKey: Guid(6fe7fab8d3689f14eb5593148b9e8ab1) Importer(815301076,1909f56bfc062723c751e8b465ee728b)
Start importing Assets/2D Assets/Ui assets/NotaMusica.png using Guid(6fe7fab8d3689f14eb5593148b9e8ab1) Importer(815301076,1909f56bfc062723c751e8b465ee728b)  -> (artifact id: 'ea076c4d879ea044f68837a2764bdbb4') in 0.131758 seconds 
========================================================================
Received Import Request.
  Time since last request: 79.615135 seconds.
  path: Packages/com.unity.recorder/Editor/Assets/animation_recorder.png
  artifactKey: Guid(81cefa2b805fd4f49ae4de35fe4e869e) Importer(815301076,1909f56bfc062723c751e8b465ee728b)
Start importing Packages/com.unity.recorder/Editor/Assets/animation_recorder.png using Guid(81cefa2b805fd4f49ae4de35fe4e869e) Importer(815301076,1909f56bfc062723c751e8b465ee728b)  -> (artifact id: '03266d48e3fcf271e61fc5f599b36e9d') in 0.060879 seconds 
========================================================================
Received Import Request.
  Time since last request: 1.581923 seconds.
  path: Assets/2D Assets/Ui assets/Main Menu/Loading/barra outline.png
  artifactKey: Guid(11069d988769e9941b7b8e5844001e67) Importer(815301076,1909f56bfc062723c751e8b465ee728b)
Start importing Assets/2D Assets/Ui assets/Main Menu/Loading/barra outline.png using Guid(11069d988769e9941b7b8e5844001e67) Importer(815301076,1909f56bfc062723c751e8b465ee728b)  -> (artifact id: 'd8f66dda750361f9f1e2da97c1981b06') in 0.142220 seconds 
========================================================================
Received Prepare
Registering precompiled user dll's ...
Registered in 0.008088 seconds.
Begin MonoManager ReloadAssembly
Symbol file LoadedFromMemory doesn't match image C:\Users\thoma\Desktop\Taxí22_23\TaxiJungle\Library\PackageCache\com.unity.visualscripting@1.7.8\Editor\VisualScripting.Core\Dependencies\YamlDotNet\Unity.VisualScripting.YamlDotNet.dll
Symbol file LoadedFromMemory doesn't match image C:\Users\thoma\Desktop\Taxí22_23\TaxiJungle\Library\PackageCache\com.unity.visualscripting@1.7.8\Editor\VisualScripting.Core\Dependencies\DotNetZip\Unity.VisualScripting.IonicZip.dll
Native extension for WindowsStandalone target not found
Refreshing native plugins compatible for Editor in 1.35 ms, found 5 plugins.
Preloading 0 native plugins for Editor in 0.00 ms.
Mono: successfully reloaded assembly
- Completed reload, in  1.240 seconds
Domain Reload Profiling:
	ReloadAssembly (1241ms)
		BeginReloadAssembly (145ms)
			ExecutionOrderSort (0ms)
			DisableScriptedObjects (6ms)
			BackupInstance (0ms)
			ReleaseScriptingObjects (0ms)
			CreateAndSetChildDomain (45ms)
		EndReloadAssembly (1000ms)
			LoadAssemblies (101ms)
			RebuildTransferFunctionScriptingTraits (0ms)
			SetupTypeCache (331ms)
			ReleaseScriptCaches (2ms)
			RebuildScriptCaches (60ms)
			SetupLoadedEditorAssemblies (462ms)
				LogAssemblyErrors (0ms)
				InitializePlatformSupportModulesInManaged (10ms)
				SetLoadedEditorAssemblies (0ms)
				RefreshPlugins (1ms)
				BeforeProcessingInitializeOnLoad (104ms)
				ProcessInitializeOnLoadAttributes (267ms)
				ProcessInitializeOnLoadMethodAttributes (74ms)
				AfterProcessingInitializeOnLoad (6ms)
				EditorAssembliesLoaded (0ms)
			ExecutionOrderSort2 (0ms)
			AwakeInstancesAfterBackupRestoration (7ms)
Platform modules already initialized, skipping
Refreshing native plugins compatible for Editor in 4.01 ms, found 5 plugins.
Preloading 0 native plugins for Editor in 0.00 ms.
Unloading 5883 Unused Serialized files (Serialized files now loaded: 0)
Unloading 45 unused Assets / (2.0 MB). Loaded Objects now: 6544.
Memory consumption went from 235.7 MB to 233.6 MB.
Total: 5.185500 ms (FindLiveObjects: 0.579800 ms CreateObjectMapping: 0.143100 ms MarkObjects: 3.467400 ms  DeleteObjects: 0.993900 ms)

AssetImportParameters requested are different than current active one (requested -> active):
  custom:video-decoder-ogg-theora: a1e56fd34408186e4bbccfd4996cb3dc -> 
  custom:container-muxer-webm: aa71ff27fc2769a1b78a27578f13a17b -> 
  custom:container-demuxer-webm: 4f35f7cbe854078d1ac9338744f61a02 -> 
  custom:video-encoder-webm-vp8: eb34c28f22e8b96e1ab97ce403110664 -> 
  custom:audio-encoder-webm-vorbis: bf7c407c2cedff20999df2af8eb42d56 -> 
  custom:framework-win-MediaFoundation: 216162199b28c13a410421893ffa2e32 -> 
  custom:container-demuxer-ogg: 62fdf1f143b41e24485cea50d1cbac27 -> 
  custom:video-decoder-webm-vp8: 9c59270c3fd7afecdb556c50c9e8de78 -> 
  custom:audio-decoder-ogg-vorbis: bf7c407c2cedff20999df2af8eb42d56 -> 
========================================================================
Received Import Request.
  Time since last request: 336.542735 seconds.
  path: Assets/Sound/Radios/Radio1/Anime EDM Drum And Bass by Infraction No Copyright Music  Happy Evil.mp3
  artifactKey: Guid(3e930b91ec383224e90ac48a76b3d015) Importer(815301076,1909f56bfc062723c751e8b465ee728b)
Start importing Assets/Sound/Radios/Radio1/Anime EDM Drum And Bass by Infraction No Copyright Music  Happy Evil.mp3 using Guid(3e930b91ec383224e90ac48a76b3d015) Importer(815301076,1909f56bfc062723c751e8b465ee728b)  -> (artifact id: '5482795f57ab9a019fce4bdbbbe4c792') in 0.110557 seconds 
========================================================================
Received Import Request.
  Time since last request: 0.000045 seconds.
  path: Assets/Sound/Radios/Radio1/Technology Chill Electronic by Infraction No Copyright Music  Montage.mp3
  artifactKey: Guid(fdfbc84f885551c4480e1f20c052cf17) Importer(815301076,1909f56bfc062723c751e8b465ee728b)
Start importing Assets/Sound/Radios/Radio1/Technology Chill Electronic by Infraction No Copyright Music  Montage.mp3 using Guid(fdfbc84f885551c4480e1f20c052cf17) Importer(815301076,1909f56bfc062723c751e8b465ee728b)  -> (artifact id: 'cc077f79ec2e1cb651e7d0c233a545b8') in 0.029295 seconds 
========================================================================
Received Import Request.
  Time since last request: 0.000048 seconds.
  path: Assets/Sound/Radios/Radio1/Summer Deep House EDM by Alexi Action No Copyright MusicPromise.mp3
  artifactKey: Guid(2696b740db3057348a6a4908285ea167) Importer(815301076,1909f56bfc062723c751e8b465ee728b)
Start importing Assets/Sound/Radios/Radio1/Summer Deep House EDM by Alexi Action No Copyright MusicPromise.mp3 using Guid(2696b740db3057348a6a4908285ea167) Importer(815301076,1909f56bfc062723c751e8b465ee728b)  -> (artifact id: '48720b454df6f011169dac8227a8f2da') in 0.026213 seconds 
========================================================================
Received Import Request.
  Time since last request: 0.000033 seconds.
  path: Assets/Sound/Radios/Radio1/Energetic EDM by Infraction No Copyright Music  Paradise.mp3
  artifactKey: Guid(a52e8295710ce7141b1e9ceec4ac853b) Importer(815301076,1909f56bfc062723c751e8b465ee728b)
Start importing Assets/Sound/Radios/Radio1/Energetic EDM by Infraction No Copyright Music  Paradise.mp3 using Guid(a52e8295710ce7141b1e9ceec4ac853b) Importer(815301076,1909f56bfc062723c751e8b465ee728b)  -> (artifact id: '4635f7b3cf22ac876491d7cd2aaba5b0') in 0.025460 seconds 
========================================================================
Received Import Request.
  Time since last request: 0.000031 seconds.
  path: Assets/Sound/Radios/Radio1/Chill Technology Vlog by Infraction No Copyright Music  Future Motion.mp3
  artifactKey: Guid(f79ed02ad0ad447419c18f16b8e85e8c) Importer(815301076,1909f56bfc062723c751e8b465ee728b)
Start importing Assets/Sound/Radios/Radio1/Chill Technology Vlog by Infraction No Copyright Music  Future Motion.mp3 using Guid(f79ed02ad0ad447419c18f16b8e85e8c) Importer(815301076,1909f56bfc062723c751e8b465ee728b)  -> (artifact id: '0645fc431b5303857ec2a6ae7a93dd94') in 0.024837 seconds 
========================================================================
Received Import Request.
  Time since last request: 0.000032 seconds.
  path: Assets/Sound/Radios/Radio1/Slap House EDM by Alexi Action No Copyright MusicEndless Party.mp3
  artifactKey: Guid(7a0935d0974666741bc9d7ec9a4a7e83) Importer(815301076,1909f56bfc062723c751e8b465ee728b)
Start importing Assets/Sound/Radios/Radio1/Slap House EDM by Alexi Action No Copyright MusicEndless Party.mp3 using Guid(7a0935d0974666741bc9d7ec9a4a7e83) Importer(815301076,1909f56bfc062723c751e8b465ee728b)  -> (artifact id: '79774ce4b481be8e0f2a2d6fcb6dcff4') in 0.026969 seconds 
========================================================================
Received Import Request.
  Time since last request: 0.000027 seconds.
  path: Assets/Sound/Radios/Radio1/Upbeat Food Journey by Infraction No Copyright Music  Hightech.mp3
  artifactKey: Guid(3f2b2f63b866ad54494b2f1edb5eba9b) Importer(815301076,1909f56bfc062723c751e8b465ee728b)
Start importing Assets/Sound/Radios/Radio1/Upbeat Food Journey by Infraction No Copyright Music  Hightech.mp3 using Guid(3f2b2f63b866ad54494b2f1edb5eba9b) Importer(815301076,1909f56bfc062723c751e8b465ee728b)  -> (artifact id: '220b7698efb29f6b11bd783db54cf313') in 0.023771 seconds 
========================================================================
Received Import Request.
  Time since last request: 0.000039 seconds.
  path: Assets/Sound/Radios/Radio1/Cooking Music EDM by Alexi Action No Copyright MusicTaste It.mp3
  artifactKey: Guid(bb69597c3671ac9409c750c105599cfe) Importer(815301076,1909f56bfc062723c751e8b465ee728b)
Start importing Assets/Sound/Radios/Radio1/Cooking Music EDM by Alexi Action No Copyright MusicTaste It.mp3 using Guid(bb69597c3671ac9409c750c105599cfe) Importer(815301076,1909f56bfc062723c751e8b465ee728b)  -> (artifact id: '8cc363b5e232020b810c756a9c7675a5') in 0.026207 seconds 
========================================================================
Received Import Request.
  Time since last request: 0.000035 seconds.
  path: Assets/Sound/Radios/Radio1/Sport Aggressive Trap by Infraction No Copyright Music  Looney.mp3
  artifactKey: Guid(6650cb1f17c1e884fa67bc99a9454833) Importer(815301076,1909f56bfc062723c751e8b465ee728b)
Start importing Assets/Sound/Radios/Radio1/Sport Aggressive Trap by Infraction No Copyright Music  Looney.mp3 using Guid(6650cb1f17c1e884fa67bc99a9454833) Importer(815301076,1909f56bfc062723c751e8b465ee728b)  -> (artifact id: 'ff2f86a660628b450ffa3fd324da715b') in 0.034738 seconds 
========================================================================
Received Import Request.
  Time since last request: 0.000043 seconds.
  path: Assets/Sound/Radios/Radio1/EDM Deep House by Infraction Alexi Action No Copyright Music  Dune.mp3
  artifactKey: Guid(14e8e39579b5c7d4eb0f771e130c9034) Importer(815301076,1909f56bfc062723c751e8b465ee728b)
Start importing Assets/Sound/Radios/Radio1/EDM Deep House by Infraction Alexi Action No Copyright Music  Dune.mp3 using Guid(14e8e39579b5c7d4eb0f771e130c9034) Importer(815301076,1909f56bfc062723c751e8b465ee728b)  -> (artifact id: '6ee95d156ef29af628fda378cf97545b') in 0.022976 seconds 
========================================================================
Received Import Request.
  Time since last request: 0.000034 seconds.
  path: Assets/Sound/Radios/Radio1/Sport EDM Car Trap by Infraction No Copyright Music  Never Stop.mp3
  artifactKey: Guid(5c4289156309f2f43b59927b1cdd9c3d) Importer(815301076,1909f56bfc062723c751e8b465ee728b)
Start importing Assets/Sound/Radios/Radio1/Sport EDM Car Trap by Infraction No Copyright Music  Never Stop.mp3 using Guid(5c4289156309f2f43b59927b1cdd9c3d) Importer(815301076,1909f56bfc062723c751e8b465ee728b)  -> (artifact id: '4b51200f7be82634dc979bc21d71ac00') in 0.022765 seconds 
========================================================================
Received Import Request.
  Time since last request: 0.000036 seconds.
  path: Assets/Sound/Radios/Radio1/Summer Teen Pop by Alexi Action No Copyright Music Crazy Love.mp3
  artifactKey: Guid(471faa86e8833a24d90ac2618dc794ac) Importer(815301076,1909f56bfc062723c751e8b465ee728b)
Start importing Assets/Sound/Radios/Radio1/Summer Teen Pop by Alexi Action No Copyright Music Crazy Love.mp3 using Guid(471faa86e8833a24d90ac2618dc794ac) Importer(815301076,1909f56bfc062723c751e8b465ee728b)  -> (artifact id: '2f8b4cd474becaa54f2b618315a83253') in 0.022193 seconds 
========================================================================
Received Import Request.
  Time since last request: 0.000038 seconds.
  path: Assets/Sound/Radios/Radio1/Sport Technology Electronic by Infraction No Copyright Music  Play The Game.mp3
  artifactKey: Guid(075cd5a394c559142b3415eceeea265a) Importer(815301076,1909f56bfc062723c751e8b465ee728b)
Start importing Assets/Sound/Radios/Radio1/Sport Technology Electronic by Infraction No Copyright Music  Play The Game.mp3 using Guid(075cd5a394c559142b3415eceeea265a) Importer(815301076,1909f56bfc062723c751e8b465ee728b)  -> (artifact id: 'a5d2a0099bdca72cdac12ab6ee48d993') in 0.024481 seconds 
========================================================================
Received Import Request.
  Time since last request: 0.000030 seconds.
  path: Assets/Sound/Radios/Radio1/Warriyo  Mortals feat Laura Brehm NCS Release.mp3
  artifactKey: Guid(29f3c7c267b76dc4095d2bd0f7eabf4c) Importer(815301076,1909f56bfc062723c751e8b465ee728b)
Start importing Assets/Sound/Radios/Radio1/Warriyo  Mortals feat Laura Brehm NCS Release.mp3 using Guid(29f3c7c267b76dc4095d2bd0f7eabf4c) Importer(815301076,1909f56bfc062723c751e8b465ee728b)  -> (artifact id: 'c45dd60952bcf72941c2194d8ea2261c') in 0.022341 seconds 
========================================================================
Received Import Request.
  Time since last request: 0.000025 seconds.
  path: Assets/Sound/Radios/Radio1/Upbeat Dance EDM by Alexi Action No Copyright MusicTake Me.mp3
  artifactKey: Guid(0fab8fa5b185e854c8324fb249ebd318) Importer(815301076,1909f56bfc062723c751e8b465ee728b)
Start importing Assets/Sound/Radios/Radio1/Upbeat Dance EDM by Alexi Action No Copyright MusicTake Me.mp3 using Guid(0fab8fa5b185e854c8324fb249ebd318) Importer(815301076,1909f56bfc062723c751e8b465ee728b)  -> (artifact id: '9be5315ce84d15db376ee144386baed6') in 0.024075 seconds 
========================================================================
Received Import Request.
  Time since last request: 0.000036 seconds.
  path: Assets/Sound/Radios/Radio1/Melodic Dubstep Hyper Pop by Alexi Action No Copyright MusicNight City.mp3
  artifactKey: Guid(76ab3fe5c8e93e642a6911dd235eb370) Importer(815301076,1909f56bfc062723c751e8b465ee728b)
Start importing Assets/Sound/Radios/Radio1/Melodic Dubstep Hyper Pop by Alexi Action No Copyright MusicNight City.mp3 using Guid(76ab3fe5c8e93e642a6911dd235eb370) Importer(815301076,1909f56bfc062723c751e8b465ee728b)  -> (artifact id: '6f6b44732c23c2278b350e2cfb78144d') in 0.028551 seconds 
========================================================================
Received Import Request.
  Time since last request: 0.000052 seconds.
  path: Assets/Sound/Radios/Radio1/Upbeat Dance Pop by Infraction No Copyright Music  No Gravity.mp3
  artifactKey: Guid(e9c8627b581fe6f41a7c29b2c69499c8) Importer(815301076,1909f56bfc062723c751e8b465ee728b)
Start importing Assets/Sound/Radios/Radio1/Upbeat Dance Pop by Infraction No Copyright Music  No Gravity.mp3 using Guid(e9c8627b581fe6f41a7c29b2c69499c8) Importer(815301076,1909f56bfc062723c751e8b465ee728b)  -> (artifact id: '2ce313aa55c9f498179d591090d04bba') in 0.025530 seconds 
========================================================================
Received Import Request.
  Time since last request: 0.000030 seconds.
  path: Assets/Sound/Radios/Radio1/Middle East Deep House by Alexi Action No Copyright MusicEast.mp3
  artifactKey: Guid(e8265dfdd4d51164cb6806f1295f530b) Importer(815301076,1909f56bfc062723c751e8b465ee728b)
Start importing Assets/Sound/Radios/Radio1/Middle East Deep House by Alexi Action No Copyright MusicEast.mp3 using Guid(e8265dfdd4d51164cb6806f1295f530b) Importer(815301076,1909f56bfc062723c751e8b465ee728b)  -> (artifact id: '93d5584d53c63a1347252e8ca5bf4b59') in 0.023468 seconds 
========================================================================
Received Import Request.
  Time since last request: 0.000028 seconds.
  path: Assets/Sound/Radios/Radio1/ElectroLight  Symbolism NCS Release.mp3
  artifactKey: Guid(1c7cd992c68a8204c8ea2c710e419cad) Importer(815301076,1909f56bfc062723c751e8b465ee728b)
Start importing Assets/Sound/Radios/Radio1/ElectroLight  Symbolism NCS Release.mp3 using Guid(1c7cd992c68a8204c8ea2c710e419cad) Importer(815301076,1909f56bfc062723c751e8b465ee728b)  -> (artifact id: '1988e6e429b6bc8470bb1b6f8f6aaee4') in 0.024749 seconds 
========================================================================
Received Import Request.
  Time since last request: 0.000031 seconds.
  path: Assets/Sound/Radios/Radio1/EDM by Alexi Action  No Copyright MusicEDM Festival.mp3
  artifactKey: Guid(b3caa4af31392df4485fec0600c534fe) Importer(815301076,1909f56bfc062723c751e8b465ee728b)
Start importing Assets/Sound/Radios/Radio1/EDM by Alexi Action  No Copyright MusicEDM Festival.mp3 using Guid(b3caa4af31392df4485fec0600c534fe) Importer(815301076,1909f56bfc062723c751e8b465ee728b)  -> (artifact id: '4a91a09ec7a2063dbe76bf4c01f234ff') in 0.023422 seconds 
========================================================================
Received Import Request.
  Time since last request: 0.000032 seconds.
  path: Assets/Sound/Radios/Radio1/Disfigure  Blank NCS Release.mp3
  artifactKey: Guid(d9a7b2ae9fa01a441ae70888cdc82999) Importer(815301076,1909f56bfc062723c751e8b465ee728b)
Start importing Assets/Sound/Radios/Radio1/Disfigure  Blank NCS Release.mp3 using Guid(d9a7b2ae9fa01a441ae70888cdc82999) Importer(815301076,1909f56bfc062723c751e8b465ee728b)  -> (artifact id: '02e3700afeef107c63215b3d7a96a13a') in 0.022167 seconds 
========================================================================
Received Import Request.
  Time since last request: 0.000034 seconds.
  path: Assets/Sound/Radios/Radio1/Happy Future Pop by Alexi Action No Copyright Music1234.mp3
  artifactKey: Guid(c0a2fb2dbe957564dbfaed55ad5f08d5) Importer(815301076,1909f56bfc062723c751e8b465ee728b)
Start importing Assets/Sound/Radios/Radio1/Happy Future Pop by Alexi Action No Copyright Music1234.mp3 using Guid(c0a2fb2dbe957564dbfaed55ad5f08d5) Importer(815301076,1909f56bfc062723c751e8b465ee728b)  -> (artifact id: '7b1890e040af898722f479658010c0f1') in 0.023025 seconds 
========================================================================
Received Import Request.
  Time since last request: 0.000029 seconds.
  path: Assets/Sound/Radios/Radio1/Spektrem  Shine NCS Release.mp3
  artifactKey: Guid(01d7437921670674b8157c04c87fdd78) Importer(815301076,1909f56bfc062723c751e8b465ee728b)
Start importing Assets/Sound/Radios/Radio1/Spektrem  Shine NCS Release.mp3 using Guid(01d7437921670674b8157c04c87fdd78) Importer(815301076,1909f56bfc062723c751e8b465ee728b)  -> (artifact id: '8d6fe0c706859f1bbcdbdd907b3fcc5a') in 0.031082 seconds 
========================================================================
Received Import Request.
  Time since last request: 0.000043 seconds.
  path: Assets/Sound/Radios/Radio1/Trap EDM Twerk by Alexi Action No Copyright MusicLose Control.mp3
  artifactKey: Guid(3a749f110e11f2441bf2ec22ed8fb18a) Importer(815301076,1909f56bfc062723c751e8b465ee728b)
Start importing Assets/Sound/Radios/Radio1/Trap EDM Twerk by Alexi Action No Copyright MusicLose Control.mp3 using Guid(3a749f110e11f2441bf2ec22ed8fb18a) Importer(815301076,1909f56bfc062723c751e8b465ee728b)  -> (artifact id: 'ac009e9aefbf6bd6fd7eeb3e96829e13') in 0.030345 seconds 
========================================================================
Received Import Request.
  Time since last request: 1.896513 seconds.
  path: Assets/Sound/Radios/Radio2/Adeus Joao    no copyright Bossa Nova royalty free gemafrei.mp3
  artifactKey: Guid(7d699af8738322840a2c33ff7ea3f8d4) Importer(815301076,1909f56bfc062723c751e8b465ee728b)
Start importing Assets/Sound/Radios/Radio2/Adeus Joao    no copyright Bossa Nova royalty free gemafrei.mp3 using Guid(7d699af8738322840a2c33ff7ea3f8d4) Importer(815301076,1909f56bfc062723c751e8b465ee728b)  -> (artifact id: '7eae7f4eaa92b0c6bc788c2f96f8b114') in 0.020114 seconds 
========================================================================
Received Import Request.
  Time since last request: 0.000024 seconds.
  path: Assets/Sound/Radios/Radio2/Jazz Music 16 No Copyright.mp3
  artifactKey: Guid(815469105bc96a049b3658d194951b23) Importer(815301076,1909f56bfc062723c751e8b465ee728b)
Start importing Assets/Sound/Radios/Radio2/Jazz Music 16 No Copyright.mp3 using Guid(815469105bc96a049b3658d194951b23) Importer(815301076,1909f56bfc062723c751e8b465ee728b)  -> (artifact id: 'ef1f7e40b2cb3eda24d7df32efbd74c5') in 0.022698 seconds 
========================================================================
Received Import Request.
  Time since last request: 0.000027 seconds.
  path: Assets/Sound/Radios/Radio2/Jazz Music 5 No Copyright.mp3
  artifactKey: Guid(ee9932bb11337034f8e10af67cc0241a) Importer(815301076,1909f56bfc062723c751e8b465ee728b)
Start importing Assets/Sound/Radios/Radio2/Jazz Music 5 No Copyright.mp3 using Guid(ee9932bb11337034f8e10af67cc0241a) Importer(815301076,1909f56bfc062723c751e8b465ee728b)  -> (artifact id: '169871a0b1f77cd70f0829b677d4f32e') in 0.023670 seconds 
========================================================================
Received Import Request.
  Time since last request: 0.000025 seconds.
  path: Assets/Sound/Radios/Radio2/Dreamer   no copyright jazz  royalty free jazz ballad gemafrei.mp3
  artifactKey: Guid(4a20ff64759087f41bc0dcec4d391d31) Importer(815301076,1909f56bfc062723c751e8b465ee728b)
Start importing Assets/Sound/Radios/Radio2/Dreamer   no copyright jazz  royalty free jazz ballad gemafrei.mp3 using Guid(4a20ff64759087f41bc0dcec4d391d31) Importer(815301076,1909f56bfc062723c751e8b465ee728b)  -> (artifact id: '89087210010d14b219b3ab05fd3e9459') in 0.031081 seconds 
========================================================================
Received Import Request.
  Time since last request: 0.000030 seconds.
  path: Assets/Sound/Radios/Radio2/Robin Hustin x TobiMorrow  Light It Up feat Jex NCS Release.mp3
  artifactKey: Guid(401f9401c3d5a8542a70724b2ad4a001) Importer(815301076,1909f56bfc062723c751e8b465ee728b)
Start importing Assets/Sound/Radios/Radio2/Robin Hustin x TobiMorrow  Light It Up feat Jex NCS Release.mp3 using Guid(401f9401c3d5a8542a70724b2ad4a001) Importer(815301076,1909f56bfc062723c751e8b465ee728b)  -> (artifact id: '004ee55154b40c7816a8ebf0bf2fb953') in 0.016827 seconds 
========================================================================
Received Import Request.
  Time since last request: 0.000056 seconds.
  path: Assets/Sound/Radios/Radio2/Jazz Music 8 No Copyright.mp3
  artifactKey: Guid(2fe38b65ded3cca4099df4db89c619e5) Importer(815301076,1909f56bfc062723c751e8b465ee728b)
Start importing Assets/Sound/Radios/Radio2/Jazz Music 8 No Copyright.mp3 using Guid(2fe38b65ded3cca4099df4db89c619e5) Importer(815301076,1909f56bfc062723c751e8b465ee728b)  -> (artifact id: 'bcaac4edae100f7fe500dcfcc94e8607') in 0.022576 seconds 
========================================================================
Received Import Request.
  Time since last request: 0.000051 seconds.
  path: Assets/Sound/Radios/Radio2/Slapstick Buster   royalty free vintage jazz dixieland.mp3
  artifactKey: Guid(184e6e26bf011cb40aaaac69cb9308e8) Importer(815301076,1909f56bfc062723c751e8b465ee728b)
Start importing Assets/Sound/Radios/Radio2/Slapstick Buster   royalty free vintage jazz dixieland.mp3 using Guid(184e6e26bf011cb40aaaac69cb9308e8) Importer(815301076,1909f56bfc062723c751e8b465ee728b)  -> (artifact id: 'dfe2b3857a639e962fc32167d74e49e5') in 0.022356 seconds 
========================================================================
Received Import Request.
  Time since last request: 0.000030 seconds.
  path: Assets/Sound/Radios/Radio2/French Quartier   no copyright gypsy swing royalty free gemafrei.mp3
  artifactKey: Guid(ab6f57c294f8ad848833c27a9f86c850) Importer(815301076,1909f56bfc062723c751e8b465ee728b)
Start importing Assets/Sound/Radios/Radio2/French Quartier   no copyright gypsy swing royalty free gemafrei.mp3 using Guid(ab6f57c294f8ad848833c27a9f86c850) Importer(815301076,1909f56bfc062723c751e8b465ee728b)  -> (artifact id: '8ccb1bf126e586b73b37acd9b4d44ae2') in 0.025925 seconds 
========================================================================
Received Import Request.
  Time since last request: 0.000029 seconds.
  path: Assets/Sound/Radios/Radio2/Jazz Music 14 No Copyright.mp3
  artifactKey: Guid(b2ed5d0b8b275b6408217c762109807e) Importer(815301076,1909f56bfc062723c751e8b465ee728b)
Start importing Assets/Sound/Radios/Radio2/Jazz Music 14 No Copyright.mp3 using Guid(b2ed5d0b8b275b6408217c762109807e) Importer(815301076,1909f56bfc062723c751e8b465ee728b)  -> (artifact id: '238a2e2c3dd5eaa7788c8203e2ba6780') in 0.026108 seconds 
========================================================================
Received Import Request.
  Time since last request: 0.000032 seconds.
  path: Assets/Sound/Radios/Radio2/Funky Stuff   no copyright Funk royalty free Soul gemafrei.mp3
  artifactKey: Guid(c94e27b6f0411b24cb0bb583a877a6eb) Importer(815301076,1909f56bfc062723c751e8b465ee728b)
Start importing Assets/Sound/Radios/Radio2/Funky Stuff   no copyright Funk royalty free Soul gemafrei.mp3 using Guid(c94e27b6f0411b24cb0bb583a877a6eb) Importer(815301076,1909f56bfc062723c751e8b465ee728b)  -> (artifact id: '62e070fe4de9951f447496df33ea94f6') in 0.029270 seconds 
========================================================================
Received Import Request.
  Time since last request: 0.000035 seconds.
  path: Assets/Sound/Radios/Radio2/The Joker   royalty free funky smooth jazz  no copy right jazz gemafrei.mp3
  artifactKey: Guid(db2a8ac4996cfde43aa6999b09554053) Importer(815301076,1909f56bfc062723c751e8b465ee728b)
Start importing Assets/Sound/Radios/Radio2/The Joker   royalty free funky smooth jazz  no copy right jazz gemafrei.mp3 using Guid(db2a8ac4996cfde43aa6999b09554053) Importer(815301076,1909f56bfc062723c751e8b465ee728b)  -> (artifact id: 'ba29837d906911296ed32a148869aac8') in 0.031864 seconds 
========================================================================
Received Import Request.
  Time since last request: 0.000044 seconds.
  path: Assets/Sound/Radios/Radio2/Jazz Club   royalty free Jazz.mp3
  artifactKey: Guid(e57b1f807653f644698f6478c1295d4a) Importer(815301076,1909f56bfc062723c751e8b465ee728b)
Start importing Assets/Sound/Radios/Radio2/Jazz Club   royalty free Jazz.mp3 using Guid(e57b1f807653f644698f6478c1295d4a) Importer(815301076,1909f56bfc062723c751e8b465ee728b)  -> (artifact id: 'c4cf1468f8b0e4243d3f0da30122548d') in 0.027318 seconds 
========================================================================
Received Import Request.
  Time since last request: 0.000037 seconds.
  path: Assets/Sound/Radios/Radio2/Coffee Sipping   royalty free smooth jazz ballad.mp3
  artifactKey: Guid(f26ecdee72b25bf4e84a91c54ee4047d) Importer(815301076,1909f56bfc062723c751e8b465ee728b)
Start importing Assets/Sound/Radios/Radio2/Coffee Sipping   royalty free smooth jazz ballad.mp3 using Guid(f26ecdee72b25bf4e84a91c54ee4047d) Importer(815301076,1909f56bfc062723c751e8b465ee728b)  -> (artifact id: 'ef98de5a38907c1cfb875da12f14c979') in 0.025512 seconds 
========================================================================
Received Import Request.
  Time since last request: 0.000030 seconds.
  path: Assets/Sound/Radios/Radio2/Happy Future Pop by Alexi Action No Copyright Music1234.mp3
  artifactKey: Guid(778c8b009f9acf8499bf826353142064) Importer(815301076,1909f56bfc062723c751e8b465ee728b)
Start importing Assets/Sound/Radios/Radio2/Happy Future Pop by Alexi Action No Copyright Music1234.mp3 using Guid(778c8b009f9acf8499bf826353142064) Importer(815301076,1909f56bfc062723c751e8b465ee728b)  -> (artifact id: '05d9acf2c4c78fc5f4dc43b1200f482f') in 0.021954 seconds 
========================================================================
Received Import Request.
  Time since last request: 0.000022 seconds.
  path: Assets/Sound/Radios/Radio2/Energetic EDM Dance by Infraction No Copyright Music  Breaker.mp3
  artifactKey: Guid(7fb2865f230fb0b4d894e07c7d089f7f) Importer(815301076,1909f56bfc062723c751e8b465ee728b)
Start importing Assets/Sound/Radios/Radio2/Energetic EDM Dance by Infraction No Copyright Music  Breaker.mp3 using Guid(7fb2865f230fb0b4d894e07c7d089f7f) Importer(815301076,1909f56bfc062723c751e8b465ee728b)  -> (artifact id: 'a16eb7269e737fabdd516334dca720f3') in 0.026429 seconds 
========================================================================
Received Import Request.
  Time since last request: 0.000027 seconds.
  path: Assets/Sound/Radios/Radio2/Jazz Music 13 No Copyright.mp3
  artifactKey: Guid(b03d984d5631d9043bd9e82cc2fdeb21) Importer(815301076,1909f56bfc062723c751e8b465ee728b)
Start importing Assets/Sound/Radios/Radio2/Jazz Music 13 No Copyright.mp3 using Guid(b03d984d5631d9043bd9e82cc2fdeb21) Importer(815301076,1909f56bfc062723c751e8b465ee728b)  -> (artifact id: '50b7655a39645462c2b104f6326ddf60') in 0.023456 seconds 
========================================================================
Received Import Request.
  Time since last request: 0.000035 seconds.
  path: Assets/Sound/Radios/Radio2/Jazz Music 17 No Copyright.mp3
  artifactKey: Guid(60341d9d54a397c45a6a31531aa57060) Importer(815301076,1909f56bfc062723c751e8b465ee728b)
Start importing Assets/Sound/Radios/Radio2/Jazz Music 17 No Copyright.mp3 using Guid(60341d9d54a397c45a6a31531aa57060) Importer(815301076,1909f56bfc062723c751e8b465ee728b)  -> (artifact id: 'b53ebb89d8a4a66d4f287e275315d29b') in 0.025847 seconds 
========================================================================
Received Import Request.
  Time since last request: 0.000035 seconds.
  path: Assets/Sound/Radios/Radio2/Middle East Deep House by Alexi Action No Copyright MusicEast.mp3
  artifactKey: Guid(3622138b113d6f943905accea6fdff30) Importer(815301076,1909f56bfc062723c751e8b465ee728b)
Start importing Assets/Sound/Radios/Radio2/Middle East Deep House by Alexi Action No Copyright MusicEast.mp3 using Guid(3622138b113d6f943905accea6fdff30) Importer(815301076,1909f56bfc062723c751e8b465ee728b)  -> (artifact id: '5a7787bf9f3a0787c5c01df3780eb0b5') in 0.023352 seconds 
========================================================================
Received Import Request.
  Time since last request: 0.000041 seconds.
  path: Assets/Sound/Radios/Radio2/Jazz Music 7 No Copyright.mp3
  artifactKey: Guid(c43c698fbacbea640b2113fb32fb1edd) Importer(815301076,1909f56bfc062723c751e8b465ee728b)
Start importing Assets/Sound/Radios/Radio2/Jazz Music 7 No Copyright.mp3 using Guid(c43c698fbacbea640b2113fb32fb1edd) Importer(815301076,1909f56bfc062723c751e8b465ee728b)  -> (artifact id: '1cfeb010cd2f44dbc61b5a38e388b074') in 0.024294 seconds 
========================================================================
Received Import Request.
  Time since last request: 0.000028 seconds.
  path: Assets/Sound/Radios/Radio2/Teatime   royalty free vintage jazz.mp3
  artifactKey: Guid(3991fb76c6cd43242b65a43f10c2329d) Importer(815301076,1909f56bfc062723c751e8b465ee728b)
Start importing Assets/Sound/Radios/Radio2/Teatime   royalty free vintage jazz.mp3 using Guid(3991fb76c6cd43242b65a43f10c2329d) Importer(815301076,1909f56bfc062723c751e8b465ee728b)  -> (artifact id: '6ea08a4ce56da8926415f4ac22ea7e8b') in 0.024916 seconds 
========================================================================
Received Import Request.
  Time since last request: 0.000026 seconds.
  path: Assets/Sound/Radios/Radio2/Jazz Music 10 No Copyright.mp3
  artifactKey: Guid(1de5629af52ffa444aacf94aa4ff658a) Importer(815301076,1909f56bfc062723c751e8b465ee728b)
Start importing Assets/Sound/Radios/Radio2/Jazz Music 10 No Copyright.mp3 using Guid(1de5629af52ffa444aacf94aa4ff658a) Importer(815301076,1909f56bfc062723c751e8b465ee728b)  -> (artifact id: '2ac375bac122aa79c59eb8871bd2b9fc') in 0.023329 seconds 
========================================================================
Received Import Request.
  Time since last request: 0.000032 seconds.
  path: Assets/Sound/Radios/Radio2/Jazz Music 6 No Copyright.mp3
  artifactKey: Guid(ed85e539dc90a0f44a40006513671353) Importer(815301076,1909f56bfc062723c751e8b465ee728b)
Start importing Assets/Sound/Radios/Radio2/Jazz Music 6 No Copyright.mp3 using Guid(ed85e539dc90a0f44a40006513671353) Importer(815301076,1909f56bfc062723c751e8b465ee728b)  -> (artifact id: '45f10a99055e31a75c70c1b28a692b06') in 0.026978 seconds 
========================================================================
Received Import Request.
  Time since last request: 0.000039 seconds.
  path: Assets/Sound/Radios/Radio2/Jazz Music 18  No Copyright.mp3
  artifactKey: Guid(583fc84fe1f5f964e92aee1b93dbef04) Importer(815301076,1909f56bfc062723c751e8b465ee728b)
Start importing Assets/Sound/Radios/Radio2/Jazz Music 18  No Copyright.mp3 using Guid(583fc84fe1f5f964e92aee1b93dbef04) Importer(815301076,1909f56bfc062723c751e8b465ee728b)  -> (artifact id: 'caef2cf1fca80cd714a14031756ac425') in 0.031513 seconds 
========================================================================
Received Import Request.
  Time since last request: 0.000033 seconds.
  path: Assets/Sound/Radios/Radio2/Chill Technology Vlog by Infraction No Copyright Music  Future Motion.mp3
  artifactKey: Guid(d29cb54a5e3bc2642be627062a2f7ffa) Importer(815301076,1909f56bfc062723c751e8b465ee728b)
Start importing Assets/Sound/Radios/Radio2/Chill Technology Vlog by Infraction No Copyright Music  Future Motion.mp3 using Guid(d29cb54a5e3bc2642be627062a2f7ffa) Importer(815301076,1909f56bfc062723c751e8b465ee728b)  -> (artifact id: '3e8d5c232a7c93b662bdda1c9b52ae16') in 0.029357 seconds 
========================================================================
Received Import Request.
  Time since last request: 0.000034 seconds.
  path: Assets/Sound/Radios/Radio2/Jazz Music 2 No Copyright.mp3
  artifactKey: Guid(d47a7a30d814512438e0320ccf5e5017) Importer(815301076,1909f56bfc062723c751e8b465ee728b)
Start importing Assets/Sound/Radios/Radio2/Jazz Music 2 No Copyright.mp3 using Guid(d47a7a30d814512438e0320ccf5e5017) Importer(815301076,1909f56bfc062723c751e8b465ee728b)  -> (artifact id: 'f53d10a5f17c8c5dc553f576034c839d') in 0.027643 seconds 
========================================================================
Received Import Request.
  Time since last request: 0.000045 seconds.
  path: Assets/Sound/Radios/Radio2/Sweet Chicago   royalty free Blues Shuffle.mp3
  artifactKey: Guid(3e623ab1a17fe884f8b4c38365877b34) Importer(815301076,1909f56bfc062723c751e8b465ee728b)
Start importing Assets/Sound/Radios/Radio2/Sweet Chicago   royalty free Blues Shuffle.mp3 using Guid(3e623ab1a17fe884f8b4c38365877b34) Importer(815301076,1909f56bfc062723c751e8b465ee728b)  -> (artifact id: '37c4564cd2c120dd9224f538aa2ecb6d') in 0.023870 seconds 
========================================================================
Received Import Request.
  Time since last request: 0.000024 seconds.
  path: Assets/Sound/Radios/Radio2/Easy Summer Swing   no copyright vintage jazz royalty free gemafrei.mp3
  artifactKey: Guid(86a919ba4835f1246bca99476c2cd925) Importer(815301076,1909f56bfc062723c751e8b465ee728b)
Start importing Assets/Sound/Radios/Radio2/Easy Summer Swing   no copyright vintage jazz royalty free gemafrei.mp3 using Guid(86a919ba4835f1246bca99476c2cd925) Importer(815301076,1909f56bfc062723c751e8b465ee728b)  -> (artifact id: '0c893b60ef752f5b0f0868a39b5f5623') in 0.025652 seconds 
========================================================================
Received Import Request.
  Time since last request: 0.000027 seconds.
  path: Assets/Sound/Radios/Radio2/Second Line   royalty free Mardi Gras New Orleans Music.mp3
  artifactKey: Guid(39fd77831a04e2940be4dc7e777f2e0e) Importer(815301076,1909f56bfc062723c751e8b465ee728b)
Start importing Assets/Sound/Radios/Radio2/Second Line   royalty free Mardi Gras New Orleans Music.mp3 using Guid(39fd77831a04e2940be4dc7e777f2e0e) Importer(815301076,1909f56bfc062723c751e8b465ee728b)  -> (artifact id: '047739ba83910335ba1423875a3e598d') in 0.023665 seconds 
========================================================================
Received Import Request.
  Time since last request: 47.481788 seconds.
  path: Assets/Sound/Radios/Radio3/Cartoon  Why We Lose feat Coleman Trapp NCS Release.mp3
  artifactKey: Guid(3d536eaff8ba1794294e5ed6422e3576) Importer(815301076,1909f56bfc062723c751e8b465ee728b)
Start importing Assets/Sound/Radios/Radio3/Cartoon  Why We Lose feat Coleman Trapp NCS Release.mp3 using Guid(3d536eaff8ba1794294e5ed6422e3576) Importer(815301076,1909f56bfc062723c751e8b465ee728b)  -> (artifact id: '325ff8e9544641b4b63a42514a9d93f3') in 0.024587 seconds 
========================================================================
Received Import Request.
  Time since last request: 0.000027 seconds.
  path: Assets/Sound/Radios/Radio3/Sport Trap Rock by Infraction No Copyright Music  Fly Away.mp3
  artifactKey: Guid(b47db07ee8389d24ea6c197b44d9cfaf) Importer(815301076,1909f56bfc062723c751e8b465ee728b)
Start importing Assets/Sound/Radios/Radio3/Sport Trap Rock by Infraction No Copyright Music  Fly Away.mp3 using Guid(b47db07ee8389d24ea6c197b44d9cfaf) Importer(815301076,1909f56bfc062723c751e8b465ee728b)  -> (artifact id: '8c0dbb2bcb321df88c2e21f1639a4d8b') in 0.030010 seconds 
========================================================================
Received Import Request.
  Time since last request: 0.000049 seconds.
  path: Assets/Sound/Radios/Radio3/No Copyright Music Sport Trailer Rock Rock Music by MokkaMusic  Run Faster.mp3
  artifactKey: Guid(b07e950b4835ec648bd656b25fabb3e2) Importer(815301076,1909f56bfc062723c751e8b465ee728b)
Start importing Assets/Sound/Radios/Radio3/No Copyright Music Sport Trailer Rock Rock Music by MokkaMusic  Run Faster.mp3 using Guid(b07e950b4835ec648bd656b25fabb3e2) Importer(815301076,1909f56bfc062723c751e8b465ee728b)  -> (artifact id: 'e01323d91d68c277263397a4c30bf876') in 0.035499 seconds 
========================================================================
Received Import Request.
  Time since last request: 0.000031 seconds.
  path: Assets/Sound/Radios/Radio3/Punk Rock Energetic Motivational by Independence No Copyright Music  OCD Attack.mp3
  artifactKey: Guid(aebde10dad373be4f884de0882e20af0) Importer(815301076,1909f56bfc062723c751e8b465ee728b)
Start importing Assets/Sound/Radios/Radio3/Punk Rock Energetic Motivational by Independence No Copyright Music  OCD Attack.mp3 using Guid(aebde10dad373be4f884de0882e20af0) Importer(815301076,1909f56bfc062723c751e8b465ee728b)  -> (artifact id: '7be6266aacfac352f921bd4d3f3e3168') in 0.024993 seconds 
========================================================================
Received Import Request.
  Time since last request: 0.000056 seconds.
  path: Assets/Sound/Radios/Radio3/Rock Western Country Tv Show by Infraction No Copyright Music  Dark Country.mp3
  artifactKey: Guid(68367f153cd148b4aaf7d8e0dea652c2) Importer(815301076,1909f56bfc062723c751e8b465ee728b)
Start importing Assets/Sound/Radios/Radio3/Rock Western Country Tv Show by Infraction No Copyright Music  Dark Country.mp3 using Guid(68367f153cd148b4aaf7d8e0dea652c2) Importer(815301076,1909f56bfc062723c751e8b465ee728b)  -> (artifact id: 'b2d18eef7d91c31ebccd981f9c0f3fba') in 0.028356 seconds 
========================================================================
Received Import Request.
  Time since last request: 0.000065 seconds.
  path: Assets/Sound/Radios/Radio3/Motivational Sport Rock by Alexi Action No Copyright MusicPower.mp3
  artifactKey: Guid(78e2b5354f7ee3e4592c732ca8a19ce3) Importer(815301076,1909f56bfc062723c751e8b465ee728b)
Start importing Assets/Sound/Radios/Radio3/Motivational Sport Rock by Alexi Action No Copyright MusicPower.mp3 using Guid(78e2b5354f7ee3e4592c732ca8a19ce3) Importer(815301076,1909f56bfc062723c751e8b465ee728b)  -> (artifact id: '9bdb6925ddf27efcef5f849a78e34aaa') in 0.024119 seconds 
========================================================================
Received Import Request.
  Time since last request: 0.000062 seconds.
  path: Assets/Sound/Radios/Radio3/Spektrem  Shine NCS Release.mp3
  artifactKey: Guid(f19a02cca4e2cec4fbe7f97ee09f427a) Importer(815301076,1909f56bfc062723c751e8b465ee728b)
Start importing Assets/Sound/Radios/Radio3/Spektrem  Shine NCS Release.mp3 using Guid(f19a02cca4e2cec4fbe7f97ee09f427a) Importer(815301076,1909f56bfc062723c751e8b465ee728b)  -> (artifact id: 'bb342167ccfae3efee3ffd383bf6c032') in 0.023326 seconds 
========================================================================
Received Import Request.
  Time since last request: 0.000033 seconds.
  path: Assets/Sound/Radios/Radio3/Jo Cohen  Sex Whales  We Are NCS Release.mp3
  artifactKey: Guid(5c08190ffc000624fae605c5a09448a5) Importer(815301076,1909f56bfc062723c751e8b465ee728b)
Start importing Assets/Sound/Radios/Radio3/Jo Cohen  Sex Whales  We Are NCS Release.mp3 using Guid(5c08190ffc000624fae605c5a09448a5) Importer(815301076,1909f56bfc062723c751e8b465ee728b)  -> (artifact id: '7099c33b54e3a0d25363aef6c1e88322') in 0.021475 seconds 
========================================================================
Received Import Request.
  Time since last request: 0.000033 seconds.
  path: Assets/Sound/Radios/Radio3/Rock Sport Energetic by Infraction No Copyright Music  Rock This Party.mp3
  artifactKey: Guid(549696755201d6547b7281db0d3eba47) Importer(815301076,1909f56bfc062723c751e8b465ee728b)
Start importing Assets/Sound/Radios/Radio3/Rock Sport Energetic by Infraction No Copyright Music  Rock This Party.mp3 using Guid(549696755201d6547b7281db0d3eba47) Importer(815301076,1909f56bfc062723c751e8b465ee728b)  -> (artifact id: 'cc102c032413904a451c811f1597847d') in 0.023993 seconds 
========================================================================
Received Import Request.
  Time since last request: 0.000030 seconds.
  path: Assets/Sound/Radios/Radio3/Sport Rock Racing by Infraction No Copyright Music  Ready Or Not.mp3
  artifactKey: Guid(5d5d4142f5d3bb147a0a6a6bcc4521d6) Importer(815301076,1909f56bfc062723c751e8b465ee728b)
Start importing Assets/Sound/Radios/Radio3/Sport Rock Racing by Infraction No Copyright Music  Ready Or Not.mp3 using Guid(5d5d4142f5d3bb147a0a6a6bcc4521d6) Importer(815301076,1909f56bfc062723c751e8b465ee728b)  -> (artifact id: '9a22072ef00d10f0410747098cba9dff') in 0.025073 seconds 
========================================================================
Received Import Request.
  Time since last request: 0.000032 seconds.
  path: Assets/Sound/Radios/Radio3/Technology Chill Electronic by Infraction No Copyright Music  Montage.mp3
  artifactKey: Guid(7578a63a9cffa1f44b94dcbb82f9434f) Importer(815301076,1909f56bfc062723c751e8b465ee728b)
Start importing Assets/Sound/Radios/Radio3/Technology Chill Electronic by Infraction No Copyright Music  Montage.mp3 using Guid(7578a63a9cffa1f44b94dcbb82f9434f) Importer(815301076,1909f56bfc062723c751e8b465ee728b)  -> (artifact id: 'a1fb15c7d625c942f827ffa4607d9890') in 0.022457 seconds 
========================================================================
Received Import Request.
  Time since last request: 0.000041 seconds.
  path: Assets/Sound/Radios/Radio3/Sport Rock Football by Infraction No Copyright Music  Real Success.mp3
  artifactKey: Guid(73b4ac53b8cb3b240abbed6a5d5968c8) Importer(815301076,1909f56bfc062723c751e8b465ee728b)
Start importing Assets/Sound/Radios/Radio3/Sport Rock Football by Infraction No Copyright Music  Real Success.mp3 using Guid(73b4ac53b8cb3b240abbed6a5d5968c8) Importer(815301076,1909f56bfc062723c751e8b465ee728b)  -> (artifact id: '12eec8a211b7d91314a0a2e91782d165') in 0.029878 seconds 
========================================================================
Received Import Request.
  Time since last request: 0.000030 seconds.
  path: Assets/Sound/Radios/Radio3/Rock Workout Energetic by Infraction No Copyright Music  Kill The Panic.mp3
  artifactKey: Guid(ce0ba467deb414143a1baa2457f32042) Importer(815301076,1909f56bfc062723c751e8b465ee728b)
Start importing Assets/Sound/Radios/Radio3/Rock Workout Energetic by Infraction No Copyright Music  Kill The Panic.mp3 using Guid(ce0ba467deb414143a1baa2457f32042) Importer(815301076,1909f56bfc062723c751e8b465ee728b)  -> (artifact id: 'effde25ab49ae02ceb5779a972e21ca3') in 0.025779 seconds 
========================================================================
Received Import Request.
  Time since last request: 0.000048 seconds.
  path: Assets/Sound/Radios/Radio3/Future Bass by Alexi Action  No Copyright Music.mp3
  artifactKey: Guid(f3ce3e45a43d01747823a9ee43ff5736) Importer(815301076,1909f56bfc062723c751e8b465ee728b)
Start importing Assets/Sound/Radios/Radio3/Future Bass by Alexi Action  No Copyright Music.mp3 using Guid(f3ce3e45a43d01747823a9ee43ff5736) Importer(815301076,1909f56bfc062723c751e8b465ee728b)  -> (artifact id: '627a384b127ad73a9ee9f0cf47345380') in 0.021198 seconds 
========================================================================
Received Import Request.
  Time since last request: 0.000033 seconds.
  path: Assets/Sound/Radios/Radio3/Dark Indie Rock Cinematic Dramatic by Independence No Copyright Music  mini mielk  More Sense.mp3
  artifactKey: Guid(38b97ff9e52b0f84e9e5914b5a8db001) Importer(815301076,1909f56bfc062723c751e8b465ee728b)
Start importing Assets/Sound/Radios/Radio3/Dark Indie Rock Cinematic Dramatic by Independence No Copyright Music  mini mielk  More Sense.mp3 using Guid(38b97ff9e52b0f84e9e5914b5a8db001) Importer(815301076,1909f56bfc062723c751e8b465ee728b)  -> (artifact id: '7b41d00e982474b08f4e17afa05283a5') in 0.026406 seconds 
========================================================================
Received Import Request.
  Time since last request: 0.000035 seconds.
  path: Assets/Sound/Radios/Radio3/Funk Upbeat Cooking by Infraction No Copyright Music  Groove Me.mp3
  artifactKey: Guid(c8ac37017ee1b444e8ae9feedb7c795a) Importer(815301076,1909f56bfc062723c751e8b465ee728b)
Start importing Assets/Sound/Radios/Radio3/Funk Upbeat Cooking by Infraction No Copyright Music  Groove Me.mp3 using Guid(c8ac37017ee1b444e8ae9feedb7c795a) Importer(815301076,1909f56bfc062723c751e8b465ee728b)  -> (artifact id: 'ec884ae1475500af2758571972c3d867') in 0.023272 seconds 
========================================================================
Received Import Request.
  Time since last request: 4.857840 seconds.
  path: Assets/Sound/Radios/Radio3/Upbeat Funk Retro by Infraction No Copyright Music  Lucky Day.mp3
  artifactKey: Guid(7b38f745eb0d3ec45b6e5e688721c902) Importer(815301076,1909f56bfc062723c751e8b465ee728b)
Start importing Assets/Sound/Radios/Radio3/Upbeat Funk Retro by Infraction No Copyright Music  Lucky Day.mp3 using Guid(7b38f745eb0d3ec45b6e5e688721c902) Importer(815301076,1909f56bfc062723c751e8b465ee728b)  -> (artifact id: '709035166906a96da4f6ab33c4f43562') in 0.023709 seconds 
========================================================================
Received Import Request.
  Time since last request: 0.000018 seconds.
  path: Assets/Sound/Radios/Radio3/Upbeat Rock Sport by Infraction No Copyright Music  For Celebration.mp3
  artifactKey: Guid(516f7ab1efbffc2489501692ad0e2949) Importer(815301076,1909f56bfc062723c751e8b465ee728b)
Start importing Assets/Sound/Radios/Radio3/Upbeat Rock Sport by Infraction No Copyright Music  For Celebration.mp3 using Guid(516f7ab1efbffc2489501692ad0e2949) Importer(815301076,1909f56bfc062723c751e8b465ee728b)  -> (artifact id: 'a9c48e4e1fdbc53acbaabbc026fefa2b') in 0.031370 seconds 
